================================================================================
MAIN LOG
Started: 2025-12-10 13:49:02
================================================================================


======================================================================
LOADING DATA
======================================================================

======================================================================
ALGORITHM 1/6: K-Means
======================================================================

--- NORMAL SAMPLING for K-Means ---
✓ K-Means (Normal) - F1: 0.8506

--- SMART SAMPLING for K-Means ---
✓ K-Means (Smart) - F1: 0.8554

======================================================================
ALGORITHM 2/6: DBSCAN
======================================================================

--- NORMAL SAMPLING for DBSCAN ---
✓ DBSCAN (Normal) - F1: 0.8398

--- SMART SAMPLING for DBSCAN ---
✓ DBSCAN (Smart) - F1: 0.8538

======================================================================
ALGORITHM 3/6: Hierarchical-Ward
======================================================================

--- NORMAL SAMPLING for Hierarchical-Ward ---
✓ Hierarchical-Ward (Normal) - F1: 0.8578

--- SMART SAMPLING for Hierarchical-Ward ---
✓ Hierarchical-Ward (Smart) - F1: 0.8660

======================================================================
ALGORITHM 4/6: Hierarchical-Average
======================================================================

--- NORMAL SAMPLING for Hierarchical-Average ---
✓ Hierarchical-Average (Normal) - F1: 0.8531

--- SMART SAMPLING for Hierarchical-Average ---
✓ Hierarchical-Average (Smart) - F1: 0.8374

======================================================================
ALGORITHM 5/6: GMM
======================================================================

--- NORMAL SAMPLING for GMM ---
✓ GMM (Normal) - F1: 0.8664

--- SMART SAMPLING for GMM ---
✓ GMM (Smart) - F1: 0.8621

======================================================================
ALGORITHM 6/6: HDBSCAN
======================================================================

--- NORMAL SAMPLING for HDBSCAN ---
✓ HDBSCAN (Normal) - F1: 0.9133

--- SMART SAMPLING for HDBSCAN ---
✓ HDBSCAN (Smart) - F1: 0.9181

======================================================================
SAVING RESULTS
======================================================================
✓ Saved 12 results to algorithm_comparison.csv

======================================================================
PIPELINE COMPLETE
Total algorithms tested: 12
======================================================================

================================================================================
Completed: 2025-12-10 13:50:22
================================================================================
