================================================================================
MAIN LOG
Started: 2025-12-10 13:51:03
================================================================================


======================================================================
LOADING DATA
======================================================================

======================================================================
ALGORITHM 1/6: K-Means
======================================================================

--- NORMAL SAMPLING for K-Means ---
✓ K-Means (Normal) - F1: 0.7804

--- SMART SAMPLING for K-Means ---
✓ K-Means (Smart) - F1: 0.8000

======================================================================
ALGORITHM 2/6: DBSCAN
======================================================================

--- NORMAL SAMPLING for DBSCAN ---
✓ DBSCAN (Normal) - F1: 0.8946

--- SMART SAMPLING for DBSCAN ---
✓ DBSCAN (Smart) - F1: 0.8861

======================================================================
ALGORITHM 3/6: Hierarchical-Ward
======================================================================

--- NORMAL SAMPLING for Hierarchical-Ward ---
✓ Hierarchical-Ward (Normal) - F1: 0.7995

--- SMART SAMPLING for Hierarchical-Ward ---
✓ Hierarchical-Ward (Smart) - F1: 0.7378

======================================================================
ALGORITHM 4/6: Hierarchical-Average
======================================================================

--- NORMAL SAMPLING for Hierarchical-Average ---
✓ Hierarchical-Average (Normal) - F1: 0.7357

--- SMART SAMPLING for Hierarchical-Average ---
✓ Hierarchical-Average (Smart) - F1: 0.7868

======================================================================
ALGORITHM 5/6: GMM
======================================================================

--- NORMAL SAMPLING for GMM ---
✓ GMM (Normal) - F1: 0.7972

--- SMART SAMPLING for GMM ---
✓ GMM (Smart) - F1: 0.7947

======================================================================
ALGORITHM 6/6: HDBSCAN
======================================================================

--- NORMAL SAMPLING for HDBSCAN ---
✓ HDBSCAN (Normal) - F1: 0.9110

--- SMART SAMPLING for HDBSCAN ---
✓ HDBSCAN (Smart) - F1: 0.9317

======================================================================
SAVING RESULTS
======================================================================
✓ Saved 12 results to algorithm_comparison.csv

======================================================================
PIPELINE COMPLETE
Total algorithms tested: 12
======================================================================

================================================================================
Completed: 2025-12-10 13:52:23
================================================================================
