================================================================================
MAIN LOG
Started: 2026-03-23 14:31:16
================================================================================


======================================================================
LOADING TWITTERBOT DATA (1:1 format)
======================================================================

======================================================================
ALGORITHM 1/6: K-Means
======================================================================
✓ K-Means - F1: 0.8520, Accuracy: 0.8513

======================================================================
ALGORITHM 2/6: DBSCAN
======================================================================
✓ DBSCAN - F1: 0.7878, Accuracy: 0.7796

======================================================================
ALGORITHM 3/6: Hierarchical-Ward
======================================================================
✓ Hierarchical-Ward - F1: 0.8425, Accuracy: 0.8381

======================================================================
ALGORITHM 4/6: Hierarchical-Average
======================================================================
✓ Hierarchical-Average - F1: 0.8520, Accuracy: 0.8485

======================================================================
ALGORITHM 5/6: GMM
======================================================================
✓ GMM - F1: 0.7849, Accuracy: 0.7816

======================================================================
ALGORITHM 6/6: HDBSCAN
======================================================================
✓ HDBSCAN - F1: 0.8988, Accuracy: 0.9011

======================================================================
SAVING RESULTS
======================================================================
✓ Saved 6 results to algorithm_comparison.csv

======================================================================
PIPELINE COMPLETE
Total algorithms tested: 6
======================================================================

================================================================================
Completed: 2026-03-23 14:31:21
================================================================================
