================================================================================
SAMPLING LOG
Started: 2026-03-23 14:31:16
================================================================================


======================================================================
PROPORTIONAL SAMPLING: K-Means
======================================================================
Cluster info: {'algorithm': 'K-Means', 'n_clusters': 15, 'silhouette': 0.5685988889760476, 'runtime': 0.1172783374786377, 'params': {'n_clusters': 15}}
Starting proportional sampling...
Total points: 911, Valid (non-noise): 911
Number of clusters: 15
Cluster sizes: {np.int32(0): np.int64(90), np.int32(1): np.int64(188), np.int32(2): np.int64(19), np.int32(3): np.int64(136), np.int32(4): np.int64(25), np.int32(5): np.int64(2), np.int32(6): np.int64(285), np.int32(7): np.int64(4), np.int32(8): np.int64(1), np.int32(9): np.int64(35), np.int32(10): np.int64(10), np.int32(11): np.int64(17), np.int32(12): np.int64(6), np.int32(13): np.int64(63), np.int32(14): np.int64(30)}
Initial allocation: {np.int32(0): 1, np.int32(1): 2, np.int32(2): 1, np.int32(3): 1, np.int32(4): 1, np.int32(5): 1, np.int32(6): 3, np.int32(7): 1, np.int32(8): 1, np.int32(9): 1, np.int32(10): 1, np.int32(11): 1, np.int32(12): 1, np.int32(13): 1, np.int32(14): 1}

Cluster 0:
  Total variants in cluster: 90
  Allocated samples: 1
  All variant IDs in cluster: [63, 67, 74, 143, 182, 187, 234, 290, 358, 409, 491, 512, 551, 554, 675, 755, 845, 889, 964, 1100, 1255, 1265, 1300, 1308, 1341, 1383, 1505, 1661, 1707, 1739, 1766, 1797, 1938, 1980, 1986, 2059, 2256, 2307, 2314, 2357, 2382, 2440, 2477, 2563, 2627, 2660, 2674, 2759, 2790, 2798, 2831, 2877, 2982, 3000, 3013, 3064, 3153, 3236, 3275, 3360, 3399, 3406, 3408, 3522, 3634, 3672, 3824, 3849, 3876, 3884, 3959, 4023, 4040, 4077, 4086, 4105, 4196, 4215, 4223, 4253, 4325, 4403, 4423, 4447, 4517, 4521, 4534, 4667, 4688, 4722]
  PICKED REPRESENTATIVES: [2627]

Cluster 1:
  Total variants in cluster: 188
  Allocated samples: 1
  All variant IDs in cluster: [73, 161, 206, 253, 298, 318, 344, 360, 371, 399, 411, 424, 438, 440, 466, 504, 508, 509, 569, 597, 642, 695, 725, 732, 750, 756, 759, 760, 774, 852, 894, 909, 914, 924, 938, 974, 1024, 1040, 1052, 1060, 1063, 1078, 1108, 1109, 1142, 1212, 1245, 1292, 1314, 1332, 1368, 1408, 1482, 1494, 1495, 1543, 1552, 1556, 1559, 1644, 1663, 1703, 1704, 1710, 1715, 1726, 1727, 1731, 1746, 1834, 1861, 1880, 1922, 1935, 1957, 1985, 2014, 2017, 2027, 2041, 2067, 2073, 2082, 2090, 2101, 2107, 2112, 2151, 2194, 2214, 2253, 2335, 2340, 2342, 2366, 2373, 2393, 2433, 2478, 2560, 2571, 2596, 2607, 2640, 2658, 2787, 2796, 2823, 2847, 2856, 2870, 2889, 2913, 2947, 2960, 3041, 3043, 3069, 3070, 3077, 3099, 3166, 3183, 3215, 3233, 3241, 3246, 3344, 3373, 3410, 3499, 3506, 3547, 3554, 3570, 3598, 3619, 3625, 3651, 3656, 3665, 3671, 3688, 3698, 3752, 3754, 3831, 3846, 3877, 3898, 3902, 3918, 3925, 3939, 3949, 3950, 3972, 3995, 4020, 4028, 4037, 4063, 4121, 4135, 4157, 4193, 4200, 4268, 4271, 4272, 4328, 4334, 4343, 4356, 4370, 4429, 4445, 4486, 4487, 4508, 4512, 4531, 4545, 4555, 4557, 4562, 4588, 4591]
  PICKED REPRESENTATIVES: [909]

Cluster 2:
  Total variants in cluster: 19
  Allocated samples: 1
  All variant IDs in cluster: [581, 631, 817, 953, 1129, 1441, 2029, 2225, 2347, 2799, 2992, 3254, 3261, 3798, 3854, 4111, 4296, 4317, 4662]
  PICKED REPRESENTATIVES: [581]

Cluster 3:
  Total variants in cluster: 136
  Allocated samples: 1
  All variant IDs in cluster: [24, 44, 111, 135, 147, 201, 258, 275, 300, 322, 388, 430, 450, 456, 544, 570, 576, 605, 656, 657, 703, 715, 767, 807, 849, 868, 890, 932, 966, 1007, 1010, 1021, 1041, 1062, 1120, 1145, 1149, 1193, 1268, 1312, 1313, 1412, 1413, 1418, 1449, 1511, 1615, 1624, 1630, 1658, 1674, 1680, 1760, 1767, 1796, 1828, 1886, 1937, 1943, 1974, 1994, 2002, 2025, 2115, 2126, 2178, 2182, 2262, 2279, 2292, 2305, 2308, 2326, 2398, 2399, 2448, 2491, 2532, 2542, 2547, 2580, 2617, 2635, 2643, 2673, 2836, 2852, 2906, 2940, 2945, 2952, 2975, 3044, 3061, 3083, 3096, 3147, 3180, 3199, 3220, 3242, 3255, 3301, 3321, 3323, 3367, 3400, 3421, 3440, 3458, 3460, 3461, 3467, 3489, 3491, 3555, 3581, 3585, 3658, 3684, 3742, 3760, 3787, 3792, 3851, 3900, 3919, 3924, 3951, 4062, 4206, 4230, 4448, 4465, 4587, 4656]
  PICKED REPRESENTATIVES: [1193]

Cluster 4:
  Total variants in cluster: 25
  Allocated samples: 1
  All variant IDs in cluster: [57, 237, 325, 406, 613, 634, 636, 672, 1076, 1194, 1448, 1535, 1575, 1616, 2175, 2177, 2246, 2521, 2907, 2994, 3404, 3572, 3663, 3772, 4001]
  PICKED REPRESENTATIVES: [2175]

Cluster 5:
  Total variants in cluster: 2
  Allocated samples: 1
  All variant IDs in cluster: [1053, 1696]
  PICKED REPRESENTATIVES: [1053]

Cluster 6:
  Total variants in cluster: 285
  Allocated samples: 1
  All variant IDs in cluster: [70, 83, 97, 100, 112, 118, 139, 140, 163, 165, 175, 216, 219, 222, 232, 241, 249, 257, 260, 267, 284, 310, 312, 319, 324, 327, 343, 353, 361, 374, 376, 392, 396, 427, 451, 474, 495, 520, 525, 538, 567, 573, 586, 595, 632, 668, 712, 723, 739, 743, 746, 748, 761, 766, 795, 826, 853, 863, 882, 913, 918, 951, 954, 971, 973, 987, 990, 998, 1009, 1035, 1061, 1086, 1104, 1151, 1159, 1183, 1201, 1207, 1226, 1230, 1256, 1261, 1264, 1286, 1291, 1294, 1334, 1339, 1381, 1387, 1421, 1430, 1461, 1470, 1474, 1476, 1498, 1500, 1508, 1518, 1530, 1554, 1560, 1564, 1587, 1621, 1626, 1635, 1720, 1723, 1784, 1808, 1813, 1816, 1819, 1825, 1838, 1843, 1845, 1851, 1885, 1889, 1921, 1926, 1940, 1976, 1977, 1983, 2013, 2015, 2037, 2040, 2070, 2085, 2100, 2169, 2201, 2202, 2229, 2231, 2234, 2249, 2269, 2274, 2282, 2309, 2330, 2356, 2391, 2405, 2461, 2480, 2484, 2507, 2539, 2543, 2548, 2565, 2579, 2671, 2688, 2702, 2705, 2711, 2723, 2729, 2734, 2739, 2744, 2752, 2760, 2784, 2802, 2810, 2814, 2841, 2860, 2897, 2909, 2931, 2932, 2976, 3003, 3030, 3035, 3048, 3051, 3067, 3075, 3098, 3108, 3116, 3127, 3135, 3137, 3162, 3177, 3195, 3229, 3238, 3249, 3302, 3319, 3343, 3345, 3363, 3372, 3381, 3386, 3409, 3414, 3416, 3430, 3447, 3484, 3523, 3525, 3526, 3590, 3594, 3611, 3621, 3674, 3676, 3700, 3708, 3711, 3714, 3740, 3751, 3762, 3764, 3821, 3835, 3845, 3847, 3885, 3991, 3994, 3999, 4005, 4012, 4108, 4113, 4120, 4124, 4126, 4147, 4149, 4174, 4203, 4205, 4220, 4235, 4280, 4330, 4363, 4374, 4391, 4408, 4411, 4435, 4436, 4451, 4466, 4514, 4550, 4553, 4568, 4574, 4576, 4579, 4585, 4597, 4645, 4681, 4683, 4691, 4692, 4697, 4700, 4705, 4711, 4718, 4721]
  PICKED REPRESENTATIVES: [1387]

Cluster 7:
  Total variants in cluster: 4
  Allocated samples: 1
  All variant IDs in cluster: [831, 1190, 2853, 3627]
  PICKED REPRESENTATIVES: [2853]

Cluster 8:
  Total variants in cluster: 1
  Allocated samples: 1
  All variant IDs in cluster: [3159]
  PICKED REPRESENTATIVES: [3159]

Cluster 9:
  Total variants in cluster: 35
  Allocated samples: 1
  All variant IDs in cluster: [92, 320, 414, 431, 578, 1072, 1799, 1896, 1916, 1923, 1931, 2092, 2185, 2406, 2452, 2465, 2518, 2550, 2567, 2583, 2667, 3008, 3024, 3202, 3248, 3285, 3328, 3428, 3498, 3767, 3806, 3870, 3979, 4269, 4628]
  PICKED REPRESENTATIVES: [1799]

Cluster 10:
  Total variants in cluster: 10
  Allocated samples: 1
  All variant IDs in cluster: [566, 627, 1189, 1651, 1930, 2516, 2610, 3081, 3264, 3712]
  PICKED REPRESENTATIVES: [566]

Cluster 11:
  Total variants in cluster: 17
  Allocated samples: 1
  All variant IDs in cluster: [8, 883, 1051, 1083, 1436, 1685, 1763, 1823, 2110, 2313, 2469, 2697, 2725, 3224, 3531, 3550, 3855]
  PICKED REPRESENTATIVES: [2110]

Cluster 12:
  Total variants in cluster: 6
  Allocated samples: 1
  All variant IDs in cluster: [804, 1981, 3240, 3628, 3800, 4142]
  PICKED REPRESENTATIVES: [3628]

Cluster 13:
  Total variants in cluster: 63
  Allocated samples: 1
  All variant IDs in cluster: [104, 115, 144, 159, 287, 332, 589, 598, 702, 856, 986, 991, 1112, 1114, 1130, 1148, 1168, 1205, 1217, 1244, 1246, 1282, 1296, 1419, 1458, 1480, 1645, 1665, 1972, 1998, 2050, 2188, 2196, 2216, 2235, 2298, 2403, 2412, 2489, 2686, 2718, 2727, 2816, 2828, 3128, 3212, 3361, 3438, 3480, 3507, 3624, 3660, 3668, 3788, 3887, 3926, 3952, 4000, 4011, 4027, 4032, 4034, 4087]
  PICKED REPRESENTATIVES: [2050]

Cluster 14:
  Total variants in cluster: 30
  Allocated samples: 1
  All variant IDs in cluster: [20, 71, 132, 243, 259, 530, 733, 754, 812, 814, 948, 1105, 1247, 1284, 1297, 1398, 1536, 1730, 1830, 2135, 2918, 3176, 3369, 3503, 3569, 3861, 3905, 3961, 3981, 4057]
  PICKED REPRESENTATIVES: [754]

Final selection:
  Total variants: 15
  Total samples: 23
  Intentional: 8
  Unintentional: 15

================================================================================
CLUSTER MEMBERSHIP & REPRESENTATIVES SUMMARY
================================================================================

Cluster 0:
  Size: 90 variants
  Picked: 1 representatives
  All members: [63, 67, 74, 143, 182, 187, 234, 290, 358, 409, 491, 512, 551, 554, 675, 755, 845, 889, 964, 1100, 1255, 1265, 1300, 1308, 1341, 1383, 1505, 1661, 1707, 1739, 1766, 1797, 1938, 1980, 1986, 2059, 2256, 2307, 2314, 2357, 2382, 2440, 2477, 2563, 2627, 2660, 2674, 2759, 2790, 2798, 2831, 2877, 2982, 3000, 3013, 3064, 3153, 3236, 3275, 3360, 3399, 3406, 3408, 3522, 3634, 3672, 3824, 3849, 3876, 3884, 3959, 4023, 4040, 4077, 4086, 4105, 4196, 4215, 4223, 4253, 4325, 4403, 4423, 4447, 4517, 4521, 4534, 4667, 4688, 4722]
  Representatives: [2627]

Cluster 1:
  Size: 188 variants
  Picked: 1 representatives
  All members: [73, 161, 206, 253, 298, 318, 344, 360, 371, 399, 411, 424, 438, 440, 466, 504, 508, 509, 569, 597, 642, 695, 725, 732, 750, 756, 759, 760, 774, 852, 894, 909, 914, 924, 938, 974, 1024, 1040, 1052, 1060, 1063, 1078, 1108, 1109, 1142, 1212, 1245, 1292, 1314, 1332, 1368, 1408, 1482, 1494, 1495, 1543, 1552, 1556, 1559, 1644, 1663, 1703, 1704, 1710, 1715, 1726, 1727, 1731, 1746, 1834, 1861, 1880, 1922, 1935, 1957, 1985, 2014, 2017, 2027, 2041, 2067, 2073, 2082, 2090, 2101, 2107, 2112, 2151, 2194, 2214, 2253, 2335, 2340, 2342, 2366, 2373, 2393, 2433, 2478, 2560, 2571, 2596, 2607, 2640, 2658, 2787, 2796, 2823, 2847, 2856, 2870, 2889, 2913, 2947, 2960, 3041, 3043, 3069, 3070, 3077, 3099, 3166, 3183, 3215, 3233, 3241, 3246, 3344, 3373, 3410, 3499, 3506, 3547, 3554, 3570, 3598, 3619, 3625, 3651, 3656, 3665, 3671, 3688, 3698, 3752, 3754, 3831, 3846, 3877, 3898, 3902, 3918, 3925, 3939, 3949, 3950, 3972, 3995, 4020, 4028, 4037, 4063, 4121, 4135, 4157, 4193, 4200, 4268, 4271, 4272, 4328, 4334, 4343, 4356, 4370, 4429, 4445, 4486, 4487, 4508, 4512, 4531, 4545, 4555, 4557, 4562, 4588, 4591]
  Representatives: [909]

Cluster 2:
  Size: 19 variants
  Picked: 1 representatives
  All members: [581, 631, 817, 953, 1129, 1441, 2029, 2225, 2347, 2799, 2992, 3254, 3261, 3798, 3854, 4111, 4296, 4317, 4662]
  Representatives: [581]

Cluster 3:
  Size: 136 variants
  Picked: 1 representatives
  All members: [24, 44, 111, 135, 147, 201, 258, 275, 300, 322, 388, 430, 450, 456, 544, 570, 576, 605, 656, 657, 703, 715, 767, 807, 849, 868, 890, 932, 966, 1007, 1010, 1021, 1041, 1062, 1120, 1145, 1149, 1193, 1268, 1312, 1313, 1412, 1413, 1418, 1449, 1511, 1615, 1624, 1630, 1658, 1674, 1680, 1760, 1767, 1796, 1828, 1886, 1937, 1943, 1974, 1994, 2002, 2025, 2115, 2126, 2178, 2182, 2262, 2279, 2292, 2305, 2308, 2326, 2398, 2399, 2448, 2491, 2532, 2542, 2547, 2580, 2617, 2635, 2643, 2673, 2836, 2852, 2906, 2940, 2945, 2952, 2975, 3044, 3061, 3083, 3096, 3147, 3180, 3199, 3220, 3242, 3255, 3301, 3321, 3323, 3367, 3400, 3421, 3440, 3458, 3460, 3461, 3467, 3489, 3491, 3555, 3581, 3585, 3658, 3684, 3742, 3760, 3787, 3792, 3851, 3900, 3919, 3924, 3951, 4062, 4206, 4230, 4448, 4465, 4587, 4656]
  Representatives: [1193]

Cluster 4:
  Size: 25 variants
  Picked: 1 representatives
  All members: [57, 237, 325, 406, 613, 634, 636, 672, 1076, 1194, 1448, 1535, 1575, 1616, 2175, 2177, 2246, 2521, 2907, 2994, 3404, 3572, 3663, 3772, 4001]
  Representatives: [2175]

Cluster 5:
  Size: 2 variants
  Picked: 1 representatives
  All members: [1053, 1696]
  Representatives: [1053]

Cluster 6:
  Size: 285 variants
  Picked: 1 representatives
  All members: [70, 83, 97, 100, 112, 118, 139, 140, 163, 165, 175, 216, 219, 222, 232, 241, 249, 257, 260, 267, 284, 310, 312, 319, 324, 327, 343, 353, 361, 374, 376, 392, 396, 427, 451, 474, 495, 520, 525, 538, 567, 573, 586, 595, 632, 668, 712, 723, 739, 743, 746, 748, 761, 766, 795, 826, 853, 863, 882, 913, 918, 951, 954, 971, 973, 987, 990, 998, 1009, 1035, 1061, 1086, 1104, 1151, 1159, 1183, 1201, 1207, 1226, 1230, 1256, 1261, 1264, 1286, 1291, 1294, 1334, 1339, 1381, 1387, 1421, 1430, 1461, 1470, 1474, 1476, 1498, 1500, 1508, 1518, 1530, 1554, 1560, 1564, 1587, 1621, 1626, 1635, 1720, 1723, 1784, 1808, 1813, 1816, 1819, 1825, 1838, 1843, 1845, 1851, 1885, 1889, 1921, 1926, 1940, 1976, 1977, 1983, 2013, 2015, 2037, 2040, 2070, 2085, 2100, 2169, 2201, 2202, 2229, 2231, 2234, 2249, 2269, 2274, 2282, 2309, 2330, 2356, 2391, 2405, 2461, 2480, 2484, 2507, 2539, 2543, 2548, 2565, 2579, 2671, 2688, 2702, 2705, 2711, 2723, 2729, 2734, 2739, 2744, 2752, 2760, 2784, 2802, 2810, 2814, 2841, 2860, 2897, 2909, 2931, 2932, 2976, 3003, 3030, 3035, 3048, 3051, 3067, 3075, 3098, 3108, 3116, 3127, 3135, 3137, 3162, 3177, 3195, 3229, 3238, 3249, 3302, 3319, 3343, 3345, 3363, 3372, 3381, 3386, 3409, 3414, 3416, 3430, 3447, 3484, 3523, 3525, 3526, 3590, 3594, 3611, 3621, 3674, 3676, 3700, 3708, 3711, 3714, 3740, 3751, 3762, 3764, 3821, 3835, 3845, 3847, 3885, 3991, 3994, 3999, 4005, 4012, 4108, 4113, 4120, 4124, 4126, 4147, 4149, 4174, 4203, 4205, 4220, 4235, 4280, 4330, 4363, 4374, 4391, 4408, 4411, 4435, 4436, 4451, 4466, 4514, 4550, 4553, 4568, 4574, 4576, 4579, 4585, 4597, 4645, 4681, 4683, 4691, 4692, 4697, 4700, 4705, 4711, 4718, 4721]
  Representatives: [1387]

Cluster 7:
  Size: 4 variants
  Picked: 1 representatives
  All members: [831, 1190, 2853, 3627]
  Representatives: [2853]

Cluster 8:
  Size: 1 variants
  Picked: 1 representatives
  All members: [3159]
  Representatives: [3159]

Cluster 9:
  Size: 35 variants
  Picked: 1 representatives
  All members: [92, 320, 414, 431, 578, 1072, 1799, 1896, 1916, 1923, 1931, 2092, 2185, 2406, 2452, 2465, 2518, 2550, 2567, 2583, 2667, 3008, 3024, 3202, 3248, 3285, 3328, 3428, 3498, 3767, 3806, 3870, 3979, 4269, 4628]
  Representatives: [1799]

Cluster 10:
  Size: 10 variants
  Picked: 1 representatives
  All members: [566, 627, 1189, 1651, 1930, 2516, 2610, 3081, 3264, 3712]
  Representatives: [566]

Cluster 11:
  Size: 17 variants
  Picked: 1 representatives
  All members: [8, 883, 1051, 1083, 1436, 1685, 1763, 1823, 2110, 2313, 2469, 2697, 2725, 3224, 3531, 3550, 3855]
  Representatives: [2110]

Cluster 12:
  Size: 6 variants
  Picked: 1 representatives
  All members: [804, 1981, 3240, 3628, 3800, 4142]
  Representatives: [3628]

Cluster 13:
  Size: 63 variants
  Picked: 1 representatives
  All members: [104, 115, 144, 159, 287, 332, 589, 598, 702, 856, 986, 991, 1112, 1114, 1130, 1148, 1168, 1205, 1217, 1244, 1246, 1282, 1296, 1419, 1458, 1480, 1645, 1665, 1972, 1998, 2050, 2188, 2196, 2216, 2235, 2298, 2403, 2412, 2489, 2686, 2718, 2727, 2816, 2828, 3128, 3212, 3361, 3438, 3480, 3507, 3624, 3660, 3668, 3788, 3887, 3926, 3952, 4000, 4011, 4027, 4032, 4034, 4087]
  Representatives: [2050]

Cluster 14:
  Size: 30 variants
  Picked: 1 representatives
  All members: [20, 71, 132, 243, 259, 530, 733, 754, 812, 814, 948, 1105, 1247, 1284, 1297, 1398, 1536, 1730, 1830, 2135, 2918, 3176, 3369, 3503, 3569, 3861, 3905, 3961, 3981, 4057]
  Representatives: [754]
================================================================================

Selected 15 variants

======================================================================
PROPORTIONAL SAMPLING: DBSCAN
======================================================================
Cluster info: {'algorithm': 'DBSCAN', 'n_clusters': 11, 'n_noise': 80, 'silhouette': 0.4283886446699442, 'runtime': 0.04274320602416992, 'params': {'eps': np.float64(0.5984578081881637), 'min_samples': 5}}
Starting proportional sampling...
Total points: 911, Valid (non-noise): 831
Number of clusters: 11
Cluster sizes: {np.int64(0): np.int64(101), np.int64(1): np.int64(29), np.int64(2): np.int64(594), np.int64(3): np.int64(14), np.int64(4): np.int64(38), np.int64(5): np.int64(12), np.int64(6): np.int64(16), np.int64(7): np.int64(7), np.int64(8): np.int64(10), np.int64(9): np.int64(5), np.int64(10): np.int64(5)}
Initial allocation: {np.int64(0): 1, np.int64(1): 1, np.int64(2): 6, np.int64(3): 1, np.int64(4): 1, np.int64(5): 1, np.int64(6): 1, np.int64(7): 1, np.int64(8): 1, np.int64(9): 1, np.int64(10): 1}

Cluster 0:
  Total variants in cluster: 101
  Allocated samples: 1
  All variant IDs in cluster: [24, 44, 111, 147, 201, 275, 300, 388, 430, 450, 456, 544, 570, 576, 605, 656, 657, 703, 715, 767, 807, 868, 890, 1041, 1120, 1149, 1268, 1312, 1313, 1418, 1449, 1511, 1624, 1674, 1760, 1767, 1796, 1828, 1937, 1943, 1974, 1994, 2002, 2025, 2126, 2178, 2182, 2262, 2279, 2292, 2305, 2308, 2326, 2448, 2491, 2532, 2542, 2547, 2643, 2852, 2906, 2945, 2952, 2975, 3044, 3061, 3083, 3096, 3147, 3199, 3220, 3255, 3301, 3321, 3367, 3400, 3421, 3440, 3458, 3460, 3461, 3467, 3489, 3555, 3581, 3585, 3658, 3684, 3742, 3760, 3787, 3792, 3851, 3900, 3919, 3924, 3951, 4062, 4230, 4465, 4587]
  PICKED REPRESENTATIVES: [656]

Cluster 1:
  Total variants in cluster: 29
  Allocated samples: 1
  All variant IDs in cluster: [57, 237, 414, 578, 613, 1194, 1799, 1896, 1916, 1923, 1931, 2092, 2177, 2185, 2406, 2452, 2465, 2567, 2583, 2667, 3008, 3202, 3285, 3328, 3428, 3498, 3572, 4269, 4628]
  PICKED REPRESENTATIVES: [4628]

Cluster 2:
  Total variants in cluster: 594
  Allocated samples: 1
  All variant IDs in cluster: [63, 67, 70, 73, 74, 83, 97, 100, 112, 118, 135, 139, 140, 161, 163, 165, 175, 182, 187, 206, 216, 219, 222, 232, 234, 241, 249, 253, 257, 258, 260, 267, 284, 290, 298, 310, 312, 318, 319, 322, 324, 327, 343, 344, 353, 358, 360, 361, 371, 374, 376, 392, 396, 399, 409, 411, 424, 427, 438, 440, 451, 466, 474, 491, 495, 504, 508, 509, 512, 520, 525, 538, 551, 554, 567, 569, 573, 586, 595, 597, 632, 668, 675, 695, 712, 723, 725, 732, 739, 743, 746, 748, 750, 755, 756, 760, 761, 766, 774, 795, 826, 845, 849, 852, 853, 863, 882, 889, 894, 909, 913, 914, 918, 924, 932, 938, 951, 954, 964, 966, 971, 973, 974, 987, 990, 998, 1007, 1009, 1010, 1021, 1024, 1035, 1040, 1052, 1060, 1061, 1062, 1063, 1078, 1086, 1100, 1104, 1108, 1109, 1142, 1145, 1151, 1159, 1183, 1193, 1201, 1207, 1212, 1226, 1230, 1245, 1255, 1256, 1261, 1264, 1265, 1286, 1291, 1292, 1294, 1300, 1308, 1314, 1332, 1334, 1339, 1341, 1368, 1381, 1383, 1387, 1408, 1412, 1413, 1421, 1430, 1461, 1470, 1474, 1476, 1482, 1494, 1495, 1498, 1500, 1505, 1508, 1518, 1530, 1543, 1552, 1554, 1556, 1559, 1560, 1564, 1587, 1615, 1621, 1626, 1630, 1635, 1644, 1658, 1661, 1663, 1680, 1703, 1704, 1707, 1710, 1715, 1720, 1723, 1726, 1727, 1731, 1739, 1746, 1766, 1784, 1797, 1808, 1813, 1816, 1819, 1825, 1834, 1838, 1843, 1845, 1851, 1861, 1880, 1885, 1886, 1889, 1921, 1922, 1926, 1935, 1938, 1940, 1957, 1976, 1977, 1980, 1983, 1985, 1986, 2013, 2014, 2015, 2017, 2027, 2037, 2040, 2041, 2059, 2067, 2070, 2073, 2082, 2085, 2090, 2100, 2101, 2107, 2112, 2115, 2151, 2169, 2194, 2201, 2202, 2214, 2229, 2231, 2234, 2249, 2253, 2256, 2269, 2274, 2282, 2307, 2309, 2314, 2330, 2335, 2340, 2342, 2356, 2357, 2366, 2373, 2382, 2391, 2393, 2398, 2399, 2405, 2433, 2440, 2461, 2477, 2478, 2480, 2484, 2507, 2539, 2543, 2548, 2560, 2563, 2565, 2571, 2579, 2596, 2607, 2617, 2627, 2635, 2640, 2658, 2660, 2671, 2673, 2674, 2688, 2702, 2705, 2711, 2723, 2729, 2734, 2739, 2744, 2752, 2759, 2760, 2784, 2787, 2790, 2796, 2798, 2802, 2810, 2814, 2823, 2831, 2836, 2841, 2847, 2856, 2860, 2870, 2877, 2889, 2897, 2909, 2913, 2931, 2932, 2940, 2947, 2960, 2976, 2982, 3000, 3003, 3013, 3030, 3035, 3041, 3043, 3048, 3051, 3064, 3067, 3069, 3070, 3075, 3077, 3098, 3099, 3108, 3116, 3127, 3135, 3137, 3153, 3162, 3166, 3177, 3180, 3183, 3195, 3215, 3229, 3233, 3236, 3238, 3241, 3242, 3246, 3249, 3275, 3302, 3319, 3323, 3343, 3344, 3345, 3360, 3363, 3372, 3373, 3381, 3386, 3399, 3406, 3408, 3409, 3410, 3414, 3416, 3430, 3447, 3484, 3491, 3499, 3506, 3522, 3523, 3525, 3526, 3547, 3554, 3570, 3590, 3594, 3598, 3611, 3619, 3621, 3625, 3634, 3651, 3656, 3665, 3671, 3672, 3674, 3676, 3688, 3698, 3700, 3708, 3711, 3714, 3740, 3751, 3752, 3754, 3762, 3764, 3821, 3824, 3831, 3835, 3845, 3846, 3847, 3849, 3876, 3877, 3884, 3885, 3898, 3902, 3918, 3925, 3939, 3949, 3950, 3959, 3972, 3991, 3994, 3995, 3999, 4005, 4012, 4020, 4023, 4028, 4037, 4040, 4063, 4077, 4086, 4105, 4108, 4113, 4120, 4121, 4124, 4126, 4135, 4147, 4149, 4157, 4174, 4193, 4196, 4200, 4203, 4205, 4206, 4215, 4220, 4223, 4235, 4253, 4268, 4271, 4272, 4280, 4325, 4328, 4330, 4334, 4343, 4356, 4363, 4370, 4374, 4391, 4403, 4408, 4411, 4423, 4429, 4435, 4436, 4445, 4447, 4448, 4451, 4466, 4486, 4487, 4508, 4512, 4514, 4517, 4521, 4531, 4534, 4545, 4550, 4553, 4555, 4557, 4562, 4568, 4574, 4576, 4579, 4585, 4588, 4591, 4597, 4645, 4656, 4667, 4681, 4683, 4688, 4691, 4692, 4697, 4700, 4705, 4711, 4718, 4721, 4722]
  PICKED REPRESENTATIVES: [161]

Cluster 3:
  Total variants in cluster: 14
  Allocated samples: 1
  All variant IDs in cluster: [71, 259, 754, 948, 1247, 1284, 1398, 2135, 2918, 3176, 3369, 3569, 3861, 4057]
  PICKED REPRESENTATIVES: [1247]

Cluster 4:
  Total variants in cluster: 38
  Allocated samples: 1
  All variant IDs in cluster: [115, 144, 287, 332, 589, 986, 991, 1114, 1205, 1244, 1246, 1282, 1458, 1480, 1665, 1972, 2050, 2188, 2196, 2298, 2412, 2489, 2686, 2718, 2816, 2828, 3212, 3507, 3624, 3660, 3668, 3887, 3926, 3952, 4000, 4011, 4032, 4034]
  PICKED REPRESENTATIVES: [2196]

Cluster 5:
  Total variants in cluster: 12
  Allocated samples: 1
  All variant IDs in cluster: [132, 243, 530, 733, 812, 814, 1105, 1297, 1536, 1730, 3961, 3981]
  PICKED REPRESENTATIVES: [1536]

Cluster 6:
  Total variants in cluster: 16
  Allocated samples: 1
  All variant IDs in cluster: [159, 598, 702, 1112, 1130, 1148, 1217, 1419, 1998, 2216, 2403, 3128, 3361, 3480, 3788, 4027]
  PICKED REPRESENTATIVES: [2216]

Cluster 7:
  Total variants in cluster: 7
  Allocated samples: 1
  All variant IDs in cluster: [325, 1076, 1448, 2175, 2521, 2907, 3404]
  PICKED REPRESENTATIVES: [325]

Cluster 8:
  Total variants in cluster: 10
  Allocated samples: 1
  All variant IDs in cluster: [566, 627, 1189, 1651, 1930, 2516, 2610, 3081, 3264, 3712]
  PICKED REPRESENTATIVES: [627]

Cluster 9:
  Total variants in cluster: 5
  Allocated samples: 1
  All variant IDs in cluster: [1083, 1823, 2725, 3531, 3855]
  PICKED REPRESENTATIVES: [2725]

Cluster 10:
  Total variants in cluster: 5
  Allocated samples: 1
  All variant IDs in cluster: [1072, 2518, 3024, 3767, 3870]
  PICKED REPRESENTATIVES: [3870]

Final selection:
  Total variants: 11
  Total samples: 19
  Intentional: 13
  Unintentional: 6

================================================================================
CLUSTER MEMBERSHIP & REPRESENTATIVES SUMMARY
================================================================================

Cluster 0:
  Size: 101 variants
  Picked: 1 representatives
  All members: [24, 44, 111, 147, 201, 275, 300, 388, 430, 450, 456, 544, 570, 576, 605, 656, 657, 703, 715, 767, 807, 868, 890, 1041, 1120, 1149, 1268, 1312, 1313, 1418, 1449, 1511, 1624, 1674, 1760, 1767, 1796, 1828, 1937, 1943, 1974, 1994, 2002, 2025, 2126, 2178, 2182, 2262, 2279, 2292, 2305, 2308, 2326, 2448, 2491, 2532, 2542, 2547, 2643, 2852, 2906, 2945, 2952, 2975, 3044, 3061, 3083, 3096, 3147, 3199, 3220, 3255, 3301, 3321, 3367, 3400, 3421, 3440, 3458, 3460, 3461, 3467, 3489, 3555, 3581, 3585, 3658, 3684, 3742, 3760, 3787, 3792, 3851, 3900, 3919, 3924, 3951, 4062, 4230, 4465, 4587]
  Representatives: [656]

Cluster 1:
  Size: 29 variants
  Picked: 1 representatives
  All members: [57, 237, 414, 578, 613, 1194, 1799, 1896, 1916, 1923, 1931, 2092, 2177, 2185, 2406, 2452, 2465, 2567, 2583, 2667, 3008, 3202, 3285, 3328, 3428, 3498, 3572, 4269, 4628]
  Representatives: [4628]

Cluster 2:
  Size: 594 variants
  Picked: 1 representatives
  All members: [63, 67, 70, 73, 74, 83, 97, 100, 112, 118, 135, 139, 140, 161, 163, 165, 175, 182, 187, 206, 216, 219, 222, 232, 234, 241, 249, 253, 257, 258, 260, 267, 284, 290, 298, 310, 312, 318, 319, 322, 324, 327, 343, 344, 353, 358, 360, 361, 371, 374, 376, 392, 396, 399, 409, 411, 424, 427, 438, 440, 451, 466, 474, 491, 495, 504, 508, 509, 512, 520, 525, 538, 551, 554, 567, 569, 573, 586, 595, 597, 632, 668, 675, 695, 712, 723, 725, 732, 739, 743, 746, 748, 750, 755, 756, 760, 761, 766, 774, 795, 826, 845, 849, 852, 853, 863, 882, 889, 894, 909, 913, 914, 918, 924, 932, 938, 951, 954, 964, 966, 971, 973, 974, 987, 990, 998, 1007, 1009, 1010, 1021, 1024, 1035, 1040, 1052, 1060, 1061, 1062, 1063, 1078, 1086, 1100, 1104, 1108, 1109, 1142, 1145, 1151, 1159, 1183, 1193, 1201, 1207, 1212, 1226, 1230, 1245, 1255, 1256, 1261, 1264, 1265, 1286, 1291, 1292, 1294, 1300, 1308, 1314, 1332, 1334, 1339, 1341, 1368, 1381, 1383, 1387, 1408, 1412, 1413, 1421, 1430, 1461, 1470, 1474, 1476, 1482, 1494, 1495, 1498, 1500, 1505, 1508, 1518, 1530, 1543, 1552, 1554, 1556, 1559, 1560, 1564, 1587, 1615, 1621, 1626, 1630, 1635, 1644, 1658, 1661, 1663, 1680, 1703, 1704, 1707, 1710, 1715, 1720, 1723, 1726, 1727, 1731, 1739, 1746, 1766, 1784, 1797, 1808, 1813, 1816, 1819, 1825, 1834, 1838, 1843, 1845, 1851, 1861, 1880, 1885, 1886, 1889, 1921, 1922, 1926, 1935, 1938, 1940, 1957, 1976, 1977, 1980, 1983, 1985, 1986, 2013, 2014, 2015, 2017, 2027, 2037, 2040, 2041, 2059, 2067, 2070, 2073, 2082, 2085, 2090, 2100, 2101, 2107, 2112, 2115, 2151, 2169, 2194, 2201, 2202, 2214, 2229, 2231, 2234, 2249, 2253, 2256, 2269, 2274, 2282, 2307, 2309, 2314, 2330, 2335, 2340, 2342, 2356, 2357, 2366, 2373, 2382, 2391, 2393, 2398, 2399, 2405, 2433, 2440, 2461, 2477, 2478, 2480, 2484, 2507, 2539, 2543, 2548, 2560, 2563, 2565, 2571, 2579, 2596, 2607, 2617, 2627, 2635, 2640, 2658, 2660, 2671, 2673, 2674, 2688, 2702, 2705, 2711, 2723, 2729, 2734, 2739, 2744, 2752, 2759, 2760, 2784, 2787, 2790, 2796, 2798, 2802, 2810, 2814, 2823, 2831, 2836, 2841, 2847, 2856, 2860, 2870, 2877, 2889, 2897, 2909, 2913, 2931, 2932, 2940, 2947, 2960, 2976, 2982, 3000, 3003, 3013, 3030, 3035, 3041, 3043, 3048, 3051, 3064, 3067, 3069, 3070, 3075, 3077, 3098, 3099, 3108, 3116, 3127, 3135, 3137, 3153, 3162, 3166, 3177, 3180, 3183, 3195, 3215, 3229, 3233, 3236, 3238, 3241, 3242, 3246, 3249, 3275, 3302, 3319, 3323, 3343, 3344, 3345, 3360, 3363, 3372, 3373, 3381, 3386, 3399, 3406, 3408, 3409, 3410, 3414, 3416, 3430, 3447, 3484, 3491, 3499, 3506, 3522, 3523, 3525, 3526, 3547, 3554, 3570, 3590, 3594, 3598, 3611, 3619, 3621, 3625, 3634, 3651, 3656, 3665, 3671, 3672, 3674, 3676, 3688, 3698, 3700, 3708, 3711, 3714, 3740, 3751, 3752, 3754, 3762, 3764, 3821, 3824, 3831, 3835, 3845, 3846, 3847, 3849, 3876, 3877, 3884, 3885, 3898, 3902, 3918, 3925, 3939, 3949, 3950, 3959, 3972, 3991, 3994, 3995, 3999, 4005, 4012, 4020, 4023, 4028, 4037, 4040, 4063, 4077, 4086, 4105, 4108, 4113, 4120, 4121, 4124, 4126, 4135, 4147, 4149, 4157, 4174, 4193, 4196, 4200, 4203, 4205, 4206, 4215, 4220, 4223, 4235, 4253, 4268, 4271, 4272, 4280, 4325, 4328, 4330, 4334, 4343, 4356, 4363, 4370, 4374, 4391, 4403, 4408, 4411, 4423, 4429, 4435, 4436, 4445, 4447, 4448, 4451, 4466, 4486, 4487, 4508, 4512, 4514, 4517, 4521, 4531, 4534, 4545, 4550, 4553, 4555, 4557, 4562, 4568, 4574, 4576, 4579, 4585, 4588, 4591, 4597, 4645, 4656, 4667, 4681, 4683, 4688, 4691, 4692, 4697, 4700, 4705, 4711, 4718, 4721, 4722]
  Representatives: [161]

Cluster 3:
  Size: 14 variants
  Picked: 1 representatives
  All members: [71, 259, 754, 948, 1247, 1284, 1398, 2135, 2918, 3176, 3369, 3569, 3861, 4057]
  Representatives: [1247]

Cluster 4:
  Size: 38 variants
  Picked: 1 representatives
  All members: [115, 144, 287, 332, 589, 986, 991, 1114, 1205, 1244, 1246, 1282, 1458, 1480, 1665, 1972, 2050, 2188, 2196, 2298, 2412, 2489, 2686, 2718, 2816, 2828, 3212, 3507, 3624, 3660, 3668, 3887, 3926, 3952, 4000, 4011, 4032, 4034]
  Representatives: [2196]

Cluster 5:
  Size: 12 variants
  Picked: 1 representatives
  All members: [132, 243, 530, 733, 812, 814, 1105, 1297, 1536, 1730, 3961, 3981]
  Representatives: [1536]

Cluster 6:
  Size: 16 variants
  Picked: 1 representatives
  All members: [159, 598, 702, 1112, 1130, 1148, 1217, 1419, 1998, 2216, 2403, 3128, 3361, 3480, 3788, 4027]
  Representatives: [2216]

Cluster 7:
  Size: 7 variants
  Picked: 1 representatives
  All members: [325, 1076, 1448, 2175, 2521, 2907, 3404]
  Representatives: [325]

Cluster 8:
  Size: 10 variants
  Picked: 1 representatives
  All members: [566, 627, 1189, 1651, 1930, 2516, 2610, 3081, 3264, 3712]
  Representatives: [627]

Cluster 9:
  Size: 5 variants
  Picked: 1 representatives
  All members: [1083, 1823, 2725, 3531, 3855]
  Representatives: [2725]

Cluster 10:
  Size: 5 variants
  Picked: 1 representatives
  All members: [1072, 2518, 3024, 3767, 3870]
  Representatives: [3870]
================================================================================

Selected 11 variants

======================================================================
PROPORTIONAL SAMPLING: Hierarchical-Ward
======================================================================
Cluster info: {'algorithm': 'Hierarchical-ward', 'n_clusters': 15, 'silhouette': 0.5518476888693835, 'runtime': 0.020843505859375, 'params': {'n_clusters': 15, 'linkage': 'ward'}}
Starting proportional sampling...
Total points: 911, Valid (non-noise): 911
Number of clusters: 15
Cluster sizes: {np.int64(0): np.int64(105), np.int64(1): np.int64(15), np.int64(2): np.int64(278), np.int64(3): np.int64(60), np.int64(4): np.int64(19), np.int64(5): np.int64(44), np.int64(6): np.int64(170), np.int64(7): np.int64(2), np.int64(8): np.int64(137), np.int64(9): np.int64(40), np.int64(10): np.int64(10), np.int64(11): np.int64(4), np.int64(12): np.int64(12), np.int64(13): np.int64(1), np.int64(14): np.int64(14)}
Initial allocation: {np.int64(0): 1, np.int64(1): 1, np.int64(2): 3, np.int64(3): 1, np.int64(4): 1, np.int64(5): 1, np.int64(6): 2, np.int64(7): 1, np.int64(8): 1, np.int64(9): 1, np.int64(10): 1, np.int64(11): 1, np.int64(12): 1, np.int64(13): 1, np.int64(14): 1}

Cluster 0:
  Total variants in cluster: 105
  Allocated samples: 1
  All variant IDs in cluster: [63, 67, 74, 143, 163, 182, 187, 234, 241, 290, 312, 358, 409, 491, 512, 551, 554, 642, 675, 723, 748, 755, 759, 845, 889, 964, 973, 1100, 1104, 1255, 1265, 1300, 1308, 1341, 1383, 1505, 1661, 1707, 1739, 1766, 1797, 1938, 1980, 1986, 2059, 2256, 2314, 2357, 2366, 2382, 2440, 2477, 2563, 2627, 2660, 2674, 2759, 2790, 2798, 2831, 2877, 2976, 2982, 3000, 3013, 3064, 3153, 3236, 3275, 3360, 3399, 3406, 3408, 3522, 3594, 3611, 3634, 3672, 3762, 3824, 3849, 3876, 3884, 3959, 4023, 4040, 4077, 4086, 4105, 4196, 4215, 4223, 4253, 4403, 4423, 4447, 4517, 4521, 4534, 4553, 4645, 4656, 4667, 4688, 4722]
  PICKED REPRESENTATIVES: [3594]

Cluster 1:
  Total variants in cluster: 15
  Allocated samples: 1
  All variant IDs in cluster: [165, 804, 1981, 2565, 3229, 3240, 3302, 3621, 3628, 3800, 3835, 3999, 4142, 4220, 4451]
  PICKED REPRESENTATIVES: [3302]

Cluster 2:
  Total variants in cluster: 278
  Allocated samples: 1
  All variant IDs in cluster: [70, 83, 97, 100, 112, 118, 139, 140, 161, 175, 216, 219, 222, 232, 249, 257, 260, 267, 284, 310, 319, 324, 327, 343, 353, 361, 374, 376, 392, 396, 427, 451, 474, 495, 520, 525, 538, 567, 573, 586, 595, 632, 668, 712, 739, 743, 746, 761, 766, 795, 826, 853, 863, 882, 913, 918, 924, 951, 954, 971, 987, 990, 998, 1009, 1024, 1035, 1040, 1061, 1086, 1151, 1159, 1183, 1201, 1207, 1226, 1230, 1245, 1256, 1261, 1264, 1286, 1291, 1294, 1334, 1339, 1381, 1387, 1421, 1430, 1461, 1470, 1474, 1476, 1494, 1498, 1500, 1508, 1518, 1530, 1554, 1556, 1560, 1564, 1587, 1621, 1626, 1635, 1720, 1723, 1784, 1808, 1813, 1816, 1819, 1825, 1834, 1838, 1843, 1845, 1851, 1885, 1889, 1921, 1926, 1940, 1976, 1977, 1983, 2013, 2015, 2037, 2040, 2070, 2085, 2100, 2169, 2201, 2202, 2229, 2231, 2234, 2249, 2269, 2274, 2282, 2309, 2330, 2342, 2356, 2391, 2405, 2461, 2480, 2484, 2507, 2539, 2543, 2548, 2579, 2671, 2688, 2702, 2705, 2711, 2723, 2729, 2734, 2739, 2744, 2752, 2760, 2784, 2802, 2810, 2814, 2841, 2860, 2897, 2909, 2931, 2932, 3003, 3030, 3035, 3048, 3051, 3067, 3070, 3075, 3098, 3108, 3116, 3127, 3135, 3137, 3162, 3177, 3195, 3238, 3249, 3319, 3343, 3345, 3363, 3372, 3381, 3386, 3409, 3414, 3416, 3430, 3447, 3484, 3523, 3525, 3526, 3590, 3674, 3676, 3688, 3700, 3708, 3711, 3714, 3740, 3751, 3764, 3821, 3845, 3847, 3885, 3950, 3972, 3991, 3994, 4005, 4012, 4108, 4113, 4120, 4124, 4126, 4135, 4147, 4149, 4174, 4200, 4203, 4205, 4235, 4280, 4330, 4363, 4374, 4391, 4408, 4411, 4435, 4436, 4466, 4514, 4550, 4568, 4574, 4576, 4579, 4585, 4597, 4681, 4683, 4691, 4692, 4697, 4700, 4705, 4711, 4718, 4721]
  PICKED REPRESENTATIVES: [2543]

Cluster 3:
  Total variants in cluster: 60
  Allocated samples: 1
  All variant IDs in cluster: [115, 144, 159, 287, 332, 589, 598, 702, 986, 991, 1112, 1114, 1130, 1148, 1205, 1217, 1244, 1246, 1282, 1296, 1419, 1458, 1480, 1665, 1763, 1972, 1998, 2050, 2110, 2188, 2196, 2216, 2235, 2298, 2403, 2412, 2489, 2686, 2718, 2816, 2828, 3128, 3212, 3361, 3438, 3480, 3507, 3624, 3660, 3668, 3788, 3887, 3926, 3952, 4000, 4011, 4027, 4032, 4034, 4087]
  PICKED REPRESENTATIVES: [1480]

Cluster 4:
  Total variants in cluster: 19
  Allocated samples: 1
  All variant IDs in cluster: [581, 631, 817, 953, 1129, 1441, 2029, 2225, 2347, 2799, 2992, 3254, 3261, 3798, 3854, 4111, 4296, 4317, 4662]
  PICKED REPRESENTATIVES: [3798]

Cluster 5:
  Total variants in cluster: 44
  Allocated samples: 1
  All variant IDs in cluster: [8, 20, 104, 132, 243, 325, 530, 634, 636, 672, 733, 812, 814, 883, 1051, 1076, 1083, 1105, 1297, 1436, 1448, 1535, 1536, 1616, 1685, 1730, 1823, 1830, 2175, 2313, 2469, 2521, 2725, 2907, 3224, 3404, 3503, 3531, 3550, 3772, 3855, 3905, 3961, 3981]
  PICKED REPRESENTATIVES: [3855]

Cluster 6:
  Total variants in cluster: 170
  Allocated samples: 1
  All variant IDs in cluster: [73, 206, 253, 298, 318, 344, 360, 371, 399, 411, 424, 438, 440, 466, 504, 508, 509, 569, 597, 695, 725, 732, 750, 756, 760, 774, 852, 894, 909, 914, 938, 974, 1052, 1060, 1063, 1078, 1108, 1109, 1142, 1212, 1292, 1314, 1332, 1368, 1408, 1482, 1495, 1543, 1552, 1559, 1644, 1663, 1703, 1704, 1710, 1715, 1726, 1727, 1731, 1746, 1861, 1880, 1922, 1935, 1957, 1985, 2014, 2017, 2027, 2041, 2067, 2073, 2082, 2090, 2101, 2107, 2112, 2151, 2194, 2214, 2253, 2335, 2340, 2373, 2393, 2433, 2478, 2560, 2571, 2596, 2607, 2640, 2658, 2787, 2796, 2823, 2847, 2856, 2870, 2889, 2913, 2947, 2960, 3041, 3043, 3069, 3077, 3099, 3166, 3183, 3215, 3233, 3241, 3246, 3344, 3373, 3410, 3499, 3506, 3547, 3554, 3570, 3598, 3619, 3625, 3651, 3656, 3665, 3671, 3698, 3752, 3754, 3831, 3846, 3877, 3898, 3902, 3918, 3925, 3939, 3949, 3995, 4020, 4028, 4037, 4063, 4121, 4157, 4193, 4268, 4271, 4272, 4328, 4334, 4343, 4356, 4370, 4429, 4445, 4486, 4487, 4508, 4512, 4531, 4545, 4555, 4557, 4562, 4588, 4591]
  PICKED REPRESENTATIVES: [938]

Cluster 7:
  Total variants in cluster: 2
  Allocated samples: 1
  All variant IDs in cluster: [1053, 1696]
  PICKED REPRESENTATIVES: [1696]

Cluster 8:
  Total variants in cluster: 137
  Allocated samples: 1
  All variant IDs in cluster: [24, 44, 111, 135, 147, 201, 258, 275, 300, 322, 388, 430, 450, 456, 544, 570, 576, 605, 656, 657, 703, 715, 767, 807, 849, 868, 890, 932, 966, 1007, 1010, 1021, 1041, 1062, 1120, 1145, 1149, 1193, 1268, 1312, 1313, 1412, 1413, 1418, 1449, 1511, 1615, 1624, 1630, 1658, 1674, 1680, 1760, 1767, 1796, 1828, 1886, 1937, 1943, 1974, 1994, 2002, 2025, 2115, 2126, 2178, 2182, 2262, 2279, 2292, 2305, 2307, 2308, 2326, 2398, 2399, 2448, 2491, 2532, 2542, 2547, 2580, 2617, 2635, 2643, 2673, 2836, 2852, 2906, 2940, 2945, 2952, 2975, 3044, 3061, 3083, 3096, 3147, 3180, 3199, 3220, 3242, 3255, 3301, 3321, 3323, 3367, 3400, 3421, 3440, 3458, 3460, 3461, 3467, 3489, 3491, 3555, 3581, 3585, 3658, 3684, 3742, 3760, 3787, 3792, 3851, 3900, 3919, 3924, 3951, 4062, 4206, 4230, 4325, 4448, 4465, 4587]
  PICKED REPRESENTATIVES: [2952]

Cluster 9:
  Total variants in cluster: 40
  Allocated samples: 1
  All variant IDs in cluster: [57, 237, 406, 414, 431, 578, 613, 1072, 1194, 1799, 1896, 1916, 1923, 1931, 2092, 2177, 2185, 2406, 2452, 2465, 2518, 2550, 2567, 2583, 2667, 2697, 3008, 3024, 3202, 3248, 3285, 3328, 3428, 3498, 3572, 3767, 3870, 4001, 4269, 4628]
  PICKED REPRESENTATIVES: [431]

Cluster 10:
  Total variants in cluster: 10
  Allocated samples: 1
  All variant IDs in cluster: [566, 627, 1189, 1651, 1930, 2516, 2610, 3081, 3264, 3712]
  PICKED REPRESENTATIVES: [2610]

Cluster 11:
  Total variants in cluster: 4
  Allocated samples: 1
  All variant IDs in cluster: [831, 1190, 2853, 3627]
  PICKED REPRESENTATIVES: [1190]

Cluster 12:
  Total variants in cluster: 12
  Allocated samples: 1
  All variant IDs in cluster: [92, 320, 856, 1168, 1575, 1645, 2246, 2727, 2994, 3663, 3806, 3979]
  PICKED REPRESENTATIVES: [1645]

Cluster 13:
  Total variants in cluster: 1
  Allocated samples: 1
  All variant IDs in cluster: [3159]
  PICKED REPRESENTATIVES: [3159]

Cluster 14:
  Total variants in cluster: 14
  Allocated samples: 1
  All variant IDs in cluster: [71, 259, 754, 948, 1247, 1284, 1398, 2135, 2918, 3176, 3369, 3569, 3861, 4057]
  PICKED REPRESENTATIVES: [4057]

Final selection:
  Total variants: 15
  Total samples: 24
  Intentional: 12
  Unintentional: 12

================================================================================
CLUSTER MEMBERSHIP & REPRESENTATIVES SUMMARY
================================================================================

Cluster 0:
  Size: 105 variants
  Picked: 1 representatives
  All members: [63, 67, 74, 143, 163, 182, 187, 234, 241, 290, 312, 358, 409, 491, 512, 551, 554, 642, 675, 723, 748, 755, 759, 845, 889, 964, 973, 1100, 1104, 1255, 1265, 1300, 1308, 1341, 1383, 1505, 1661, 1707, 1739, 1766, 1797, 1938, 1980, 1986, 2059, 2256, 2314, 2357, 2366, 2382, 2440, 2477, 2563, 2627, 2660, 2674, 2759, 2790, 2798, 2831, 2877, 2976, 2982, 3000, 3013, 3064, 3153, 3236, 3275, 3360, 3399, 3406, 3408, 3522, 3594, 3611, 3634, 3672, 3762, 3824, 3849, 3876, 3884, 3959, 4023, 4040, 4077, 4086, 4105, 4196, 4215, 4223, 4253, 4403, 4423, 4447, 4517, 4521, 4534, 4553, 4645, 4656, 4667, 4688, 4722]
  Representatives: [3594]

Cluster 1:
  Size: 15 variants
  Picked: 1 representatives
  All members: [165, 804, 1981, 2565, 3229, 3240, 3302, 3621, 3628, 3800, 3835, 3999, 4142, 4220, 4451]
  Representatives: [3302]

Cluster 2:
  Size: 278 variants
  Picked: 1 representatives
  All members: [70, 83, 97, 100, 112, 118, 139, 140, 161, 175, 216, 219, 222, 232, 249, 257, 260, 267, 284, 310, 319, 324, 327, 343, 353, 361, 374, 376, 392, 396, 427, 451, 474, 495, 520, 525, 538, 567, 573, 586, 595, 632, 668, 712, 739, 743, 746, 761, 766, 795, 826, 853, 863, 882, 913, 918, 924, 951, 954, 971, 987, 990, 998, 1009, 1024, 1035, 1040, 1061, 1086, 1151, 1159, 1183, 1201, 1207, 1226, 1230, 1245, 1256, 1261, 1264, 1286, 1291, 1294, 1334, 1339, 1381, 1387, 1421, 1430, 1461, 1470, 1474, 1476, 1494, 1498, 1500, 1508, 1518, 1530, 1554, 1556, 1560, 1564, 1587, 1621, 1626, 1635, 1720, 1723, 1784, 1808, 1813, 1816, 1819, 1825, 1834, 1838, 1843, 1845, 1851, 1885, 1889, 1921, 1926, 1940, 1976, 1977, 1983, 2013, 2015, 2037, 2040, 2070, 2085, 2100, 2169, 2201, 2202, 2229, 2231, 2234, 2249, 2269, 2274, 2282, 2309, 2330, 2342, 2356, 2391, 2405, 2461, 2480, 2484, 2507, 2539, 2543, 2548, 2579, 2671, 2688, 2702, 2705, 2711, 2723, 2729, 2734, 2739, 2744, 2752, 2760, 2784, 2802, 2810, 2814, 2841, 2860, 2897, 2909, 2931, 2932, 3003, 3030, 3035, 3048, 3051, 3067, 3070, 3075, 3098, 3108, 3116, 3127, 3135, 3137, 3162, 3177, 3195, 3238, 3249, 3319, 3343, 3345, 3363, 3372, 3381, 3386, 3409, 3414, 3416, 3430, 3447, 3484, 3523, 3525, 3526, 3590, 3674, 3676, 3688, 3700, 3708, 3711, 3714, 3740, 3751, 3764, 3821, 3845, 3847, 3885, 3950, 3972, 3991, 3994, 4005, 4012, 4108, 4113, 4120, 4124, 4126, 4135, 4147, 4149, 4174, 4200, 4203, 4205, 4235, 4280, 4330, 4363, 4374, 4391, 4408, 4411, 4435, 4436, 4466, 4514, 4550, 4568, 4574, 4576, 4579, 4585, 4597, 4681, 4683, 4691, 4692, 4697, 4700, 4705, 4711, 4718, 4721]
  Representatives: [2543]

Cluster 3:
  Size: 60 variants
  Picked: 1 representatives
  All members: [115, 144, 159, 287, 332, 589, 598, 702, 986, 991, 1112, 1114, 1130, 1148, 1205, 1217, 1244, 1246, 1282, 1296, 1419, 1458, 1480, 1665, 1763, 1972, 1998, 2050, 2110, 2188, 2196, 2216, 2235, 2298, 2403, 2412, 2489, 2686, 2718, 2816, 2828, 3128, 3212, 3361, 3438, 3480, 3507, 3624, 3660, 3668, 3788, 3887, 3926, 3952, 4000, 4011, 4027, 4032, 4034, 4087]
  Representatives: [1480]

Cluster 4:
  Size: 19 variants
  Picked: 1 representatives
  All members: [581, 631, 817, 953, 1129, 1441, 2029, 2225, 2347, 2799, 2992, 3254, 3261, 3798, 3854, 4111, 4296, 4317, 4662]
  Representatives: [3798]

Cluster 5:
  Size: 44 variants
  Picked: 1 representatives
  All members: [8, 20, 104, 132, 243, 325, 530, 634, 636, 672, 733, 812, 814, 883, 1051, 1076, 1083, 1105, 1297, 1436, 1448, 1535, 1536, 1616, 1685, 1730, 1823, 1830, 2175, 2313, 2469, 2521, 2725, 2907, 3224, 3404, 3503, 3531, 3550, 3772, 3855, 3905, 3961, 3981]
  Representatives: [3855]

Cluster 6:
  Size: 170 variants
  Picked: 1 representatives
  All members: [73, 206, 253, 298, 318, 344, 360, 371, 399, 411, 424, 438, 440, 466, 504, 508, 509, 569, 597, 695, 725, 732, 750, 756, 760, 774, 852, 894, 909, 914, 938, 974, 1052, 1060, 1063, 1078, 1108, 1109, 1142, 1212, 1292, 1314, 1332, 1368, 1408, 1482, 1495, 1543, 1552, 1559, 1644, 1663, 1703, 1704, 1710, 1715, 1726, 1727, 1731, 1746, 1861, 1880, 1922, 1935, 1957, 1985, 2014, 2017, 2027, 2041, 2067, 2073, 2082, 2090, 2101, 2107, 2112, 2151, 2194, 2214, 2253, 2335, 2340, 2373, 2393, 2433, 2478, 2560, 2571, 2596, 2607, 2640, 2658, 2787, 2796, 2823, 2847, 2856, 2870, 2889, 2913, 2947, 2960, 3041, 3043, 3069, 3077, 3099, 3166, 3183, 3215, 3233, 3241, 3246, 3344, 3373, 3410, 3499, 3506, 3547, 3554, 3570, 3598, 3619, 3625, 3651, 3656, 3665, 3671, 3698, 3752, 3754, 3831, 3846, 3877, 3898, 3902, 3918, 3925, 3939, 3949, 3995, 4020, 4028, 4037, 4063, 4121, 4157, 4193, 4268, 4271, 4272, 4328, 4334, 4343, 4356, 4370, 4429, 4445, 4486, 4487, 4508, 4512, 4531, 4545, 4555, 4557, 4562, 4588, 4591]
  Representatives: [938]

Cluster 7:
  Size: 2 variants
  Picked: 1 representatives
  All members: [1053, 1696]
  Representatives: [1696]

Cluster 8:
  Size: 137 variants
  Picked: 1 representatives
  All members: [24, 44, 111, 135, 147, 201, 258, 275, 300, 322, 388, 430, 450, 456, 544, 570, 576, 605, 656, 657, 703, 715, 767, 807, 849, 868, 890, 932, 966, 1007, 1010, 1021, 1041, 1062, 1120, 1145, 1149, 1193, 1268, 1312, 1313, 1412, 1413, 1418, 1449, 1511, 1615, 1624, 1630, 1658, 1674, 1680, 1760, 1767, 1796, 1828, 1886, 1937, 1943, 1974, 1994, 2002, 2025, 2115, 2126, 2178, 2182, 2262, 2279, 2292, 2305, 2307, 2308, 2326, 2398, 2399, 2448, 2491, 2532, 2542, 2547, 2580, 2617, 2635, 2643, 2673, 2836, 2852, 2906, 2940, 2945, 2952, 2975, 3044, 3061, 3083, 3096, 3147, 3180, 3199, 3220, 3242, 3255, 3301, 3321, 3323, 3367, 3400, 3421, 3440, 3458, 3460, 3461, 3467, 3489, 3491, 3555, 3581, 3585, 3658, 3684, 3742, 3760, 3787, 3792, 3851, 3900, 3919, 3924, 3951, 4062, 4206, 4230, 4325, 4448, 4465, 4587]
  Representatives: [2952]

Cluster 9:
  Size: 40 variants
  Picked: 1 representatives
  All members: [57, 237, 406, 414, 431, 578, 613, 1072, 1194, 1799, 1896, 1916, 1923, 1931, 2092, 2177, 2185, 2406, 2452, 2465, 2518, 2550, 2567, 2583, 2667, 2697, 3008, 3024, 3202, 3248, 3285, 3328, 3428, 3498, 3572, 3767, 3870, 4001, 4269, 4628]
  Representatives: [431]

Cluster 10:
  Size: 10 variants
  Picked: 1 representatives
  All members: [566, 627, 1189, 1651, 1930, 2516, 2610, 3081, 3264, 3712]
  Representatives: [2610]

Cluster 11:
  Size: 4 variants
  Picked: 1 representatives
  All members: [831, 1190, 2853, 3627]
  Representatives: [1190]

Cluster 12:
  Size: 12 variants
  Picked: 1 representatives
  All members: [92, 320, 856, 1168, 1575, 1645, 2246, 2727, 2994, 3663, 3806, 3979]
  Representatives: [1645]

Cluster 13:
  Size: 1 variants
  Picked: 1 representatives
  All members: [3159]
  Representatives: [3159]

Cluster 14:
  Size: 14 variants
  Picked: 1 representatives
  All members: [71, 259, 754, 948, 1247, 1284, 1398, 2135, 2918, 3176, 3369, 3569, 3861, 4057]
  Representatives: [4057]
================================================================================

Selected 15 variants

======================================================================
PROPORTIONAL SAMPLING: Hierarchical-Average
======================================================================
Cluster info: {'algorithm': 'Hierarchical-average', 'n_clusters': 15, 'silhouette': 0.44208412706657674, 'runtime': 0.03648042678833008, 'params': {'n_clusters': 15, 'linkage': 'average'}}
Starting proportional sampling...
Total points: 911, Valid (non-noise): 911
Number of clusters: 15
Cluster sizes: {np.int64(0): np.int64(4), np.int64(1): np.int64(297), np.int64(2): np.int64(3), np.int64(3): np.int64(18), np.int64(4): np.int64(1), np.int64(5): np.int64(4), np.int64(6): np.int64(556), np.int64(7): np.int64(12), np.int64(8): np.int64(1), np.int64(9): np.int64(1), np.int64(10): np.int64(1), np.int64(11): np.int64(1), np.int64(12): np.int64(10), np.int64(13): np.int64(1), np.int64(14): np.int64(1)}
Initial allocation: {np.int64(0): 1, np.int64(1): 3, np.int64(2): 1, np.int64(3): 1, np.int64(4): 1, np.int64(5): 1, np.int64(6): 5, np.int64(7): 1, np.int64(8): 1, np.int64(9): 1, np.int64(10): 1, np.int64(11): 1, np.int64(12): 1, np.int64(13): 1, np.int64(14): 1}

Cluster 0:
  Total variants in cluster: 4
  Allocated samples: 1
  All variant IDs in cluster: [1296, 1763, 2110, 2235]
  PICKED REPRESENTATIVES: [2110]

Cluster 1:
  Total variants in cluster: 297
  Allocated samples: 1
  All variant IDs in cluster: [8, 20, 24, 44, 71, 74, 104, 111, 115, 132, 135, 144, 147, 159, 187, 201, 243, 258, 259, 275, 287, 300, 322, 325, 332, 358, 388, 409, 430, 450, 456, 512, 530, 544, 570, 576, 589, 598, 605, 634, 636, 656, 657, 672, 702, 703, 715, 733, 754, 755, 767, 807, 812, 814, 849, 868, 883, 890, 932, 948, 964, 966, 986, 991, 1007, 1010, 1021, 1041, 1051, 1062, 1076, 1083, 1105, 1112, 1114, 1120, 1130, 1145, 1148, 1149, 1193, 1205, 1217, 1244, 1246, 1247, 1268, 1282, 1284, 1297, 1312, 1313, 1341, 1398, 1412, 1413, 1418, 1419, 1436, 1448, 1449, 1458, 1480, 1511, 1535, 1536, 1615, 1616, 1624, 1630, 1658, 1665, 1674, 1680, 1685, 1730, 1739, 1760, 1766, 1767, 1796, 1823, 1828, 1830, 1886, 1937, 1938, 1943, 1972, 1974, 1980, 1994, 1998, 2002, 2025, 2050, 2059, 2115, 2126, 2135, 2175, 2178, 2182, 2188, 2196, 2216, 2256, 2262, 2279, 2292, 2298, 2305, 2307, 2308, 2313, 2314, 2326, 2398, 2399, 2403, 2412, 2440, 2448, 2469, 2477, 2489, 2491, 2521, 2532, 2542, 2547, 2563, 2580, 2617, 2627, 2635, 2643, 2673, 2674, 2686, 2718, 2725, 2798, 2816, 2828, 2831, 2836, 2852, 2906, 2907, 2918, 2940, 2945, 2952, 2975, 3013, 3044, 3061, 3064, 3083, 3096, 3128, 3147, 3176, 3180, 3199, 3212, 3220, 3224, 3236, 3242, 3255, 3275, 3301, 3321, 3323, 3360, 3361, 3367, 3369, 3400, 3404, 3406, 3408, 3421, 3438, 3440, 3458, 3460, 3461, 3467, 3480, 3489, 3491, 3503, 3507, 3522, 3531, 3550, 3555, 3569, 3581, 3585, 3624, 3634, 3658, 3660, 3668, 3672, 3684, 3742, 3760, 3772, 3787, 3788, 3792, 3824, 3849, 3851, 3855, 3861, 3884, 3887, 3900, 3905, 3919, 3924, 3926, 3951, 3952, 3961, 3981, 4000, 4011, 4023, 4027, 4032, 4034, 4057, 4062, 4087, 4105, 4206, 4215, 4223, 4230, 4253, 4325, 4447, 4448, 4465, 4517, 4521, 4534, 4587, 4656, 4667]
  PICKED REPRESENTATIVES: [656]

Cluster 2:
  Total variants in cluster: 3
  Allocated samples: 1
  All variant IDs in cluster: [804, 3240, 4317]
  PICKED REPRESENTATIVES: [3240]

Cluster 3:
  Total variants in cluster: 18
  Allocated samples: 1
  All variant IDs in cluster: [581, 631, 817, 953, 1129, 1441, 2029, 2225, 2347, 2799, 2992, 3254, 3261, 3798, 3854, 4111, 4296, 4662]
  PICKED REPRESENTATIVES: [1129]

Cluster 4:
  Total variants in cluster: 1
  Allocated samples: 1
  All variant IDs in cluster: [3159]
  PICKED REPRESENTATIVES: [3159]

Cluster 5:
  Total variants in cluster: 4
  Allocated samples: 1
  All variant IDs in cluster: [1981, 3628, 3800, 4142]
  PICKED REPRESENTATIVES: [1981]

Cluster 6:
  Total variants in cluster: 556
  Allocated samples: 1
  All variant IDs in cluster: [57, 63, 67, 70, 73, 83, 97, 100, 112, 118, 139, 140, 143, 161, 163, 165, 175, 182, 206, 216, 219, 222, 232, 234, 237, 241, 249, 253, 257, 260, 267, 284, 290, 298, 310, 312, 318, 319, 324, 327, 343, 344, 353, 360, 361, 371, 374, 376, 392, 396, 399, 406, 411, 414, 424, 427, 431, 438, 440, 451, 466, 474, 491, 495, 504, 508, 509, 520, 525, 538, 551, 554, 567, 569, 573, 578, 586, 595, 597, 613, 632, 642, 668, 675, 695, 712, 723, 725, 732, 739, 743, 746, 748, 750, 756, 759, 760, 761, 766, 774, 795, 826, 845, 852, 853, 863, 882, 889, 894, 909, 913, 914, 918, 924, 938, 951, 954, 971, 973, 974, 987, 990, 998, 1009, 1024, 1035, 1040, 1052, 1060, 1061, 1063, 1072, 1078, 1086, 1100, 1104, 1108, 1109, 1142, 1151, 1159, 1183, 1194, 1201, 1207, 1212, 1226, 1230, 1245, 1255, 1256, 1261, 1264, 1265, 1286, 1291, 1292, 1294, 1300, 1308, 1314, 1332, 1334, 1339, 1368, 1381, 1383, 1387, 1408, 1421, 1430, 1461, 1470, 1474, 1476, 1482, 1494, 1495, 1498, 1500, 1505, 1508, 1518, 1530, 1543, 1552, 1554, 1556, 1559, 1560, 1564, 1587, 1621, 1626, 1635, 1644, 1661, 1663, 1703, 1704, 1707, 1710, 1715, 1720, 1723, 1726, 1727, 1731, 1746, 1784, 1797, 1799, 1808, 1813, 1816, 1819, 1825, 1834, 1838, 1843, 1845, 1851, 1861, 1880, 1885, 1889, 1896, 1916, 1921, 1922, 1923, 1926, 1931, 1935, 1940, 1957, 1976, 1977, 1983, 1985, 1986, 2013, 2014, 2015, 2017, 2027, 2037, 2040, 2041, 2067, 2070, 2073, 2082, 2085, 2090, 2092, 2100, 2101, 2107, 2112, 2151, 2169, 2177, 2185, 2194, 2201, 2202, 2214, 2229, 2231, 2234, 2249, 2253, 2269, 2274, 2282, 2309, 2330, 2335, 2340, 2342, 2356, 2357, 2366, 2373, 2382, 2391, 2393, 2405, 2406, 2433, 2452, 2461, 2465, 2478, 2480, 2484, 2507, 2518, 2539, 2543, 2548, 2550, 2560, 2565, 2567, 2571, 2579, 2583, 2596, 2607, 2640, 2658, 2660, 2667, 2671, 2688, 2697, 2702, 2705, 2711, 2723, 2729, 2734, 2739, 2744, 2752, 2759, 2760, 2784, 2787, 2790, 2796, 2802, 2810, 2814, 2823, 2841, 2847, 2856, 2860, 2870, 2877, 2889, 2897, 2909, 2913, 2931, 2932, 2947, 2960, 2976, 2982, 3000, 3003, 3008, 3024, 3030, 3035, 3041, 3043, 3048, 3051, 3067, 3069, 3070, 3075, 3077, 3098, 3099, 3108, 3116, 3127, 3135, 3137, 3153, 3162, 3166, 3177, 3183, 3195, 3202, 3215, 3229, 3233, 3238, 3241, 3246, 3248, 3249, 3285, 3302, 3319, 3328, 3343, 3344, 3345, 3363, 3372, 3373, 3381, 3386, 3399, 3409, 3410, 3414, 3416, 3428, 3430, 3447, 3484, 3498, 3499, 3506, 3523, 3525, 3526, 3547, 3554, 3570, 3572, 3590, 3594, 3598, 3611, 3619, 3621, 3625, 3651, 3656, 3665, 3671, 3674, 3676, 3688, 3698, 3700, 3708, 3711, 3714, 3740, 3751, 3752, 3754, 3762, 3764, 3767, 3821, 3831, 3835, 3845, 3846, 3847, 3870, 3876, 3877, 3885, 3898, 3902, 3918, 3925, 3939, 3949, 3950, 3959, 3972, 3991, 3994, 3995, 3999, 4001, 4005, 4012, 4020, 4028, 4037, 4040, 4063, 4077, 4086, 4108, 4113, 4120, 4121, 4124, 4126, 4135, 4147, 4149, 4157, 4174, 4193, 4196, 4200, 4203, 4205, 4220, 4235, 4268, 4269, 4271, 4272, 4280, 4328, 4330, 4334, 4343, 4356, 4363, 4370, 4374, 4391, 4403, 4408, 4411, 4423, 4429, 4435, 4436, 4445, 4451, 4466, 4486, 4487, 4508, 4512, 4514, 4531, 4545, 4550, 4553, 4555, 4557, 4562, 4568, 4574, 4576, 4579, 4585, 4588, 4591, 4597, 4628, 4645, 4681, 4683, 4688, 4691, 4692, 4697, 4700, 4705, 4711, 4718, 4721, 4722]
  PICKED REPRESENTATIVES: [3048]

Cluster 7:
  Total variants in cluster: 12
  Allocated samples: 1
  All variant IDs in cluster: [92, 320, 856, 1168, 1575, 1645, 2246, 2727, 2994, 3663, 3806, 3979]
  PICKED REPRESENTATIVES: [2727]

Cluster 8:
  Total variants in cluster: 1
  Allocated samples: 1
  All variant IDs in cluster: [2853]
  PICKED REPRESENTATIVES: [2853]

Cluster 9:
  Total variants in cluster: 1
  Allocated samples: 1
  All variant IDs in cluster: [1696]
  PICKED REPRESENTATIVES: [1696]

Cluster 10:
  Total variants in cluster: 1
  Allocated samples: 1
  All variant IDs in cluster: [1053]
  PICKED REPRESENTATIVES: [1053]

Cluster 11:
  Total variants in cluster: 1
  Allocated samples: 1
  All variant IDs in cluster: [3627]
  PICKED REPRESENTATIVES: [3627]

Cluster 12:
  Total variants in cluster: 10
  Allocated samples: 1
  All variant IDs in cluster: [566, 627, 1189, 1651, 1930, 2516, 2610, 3081, 3264, 3712]
  PICKED REPRESENTATIVES: [2516]

Cluster 13:
  Total variants in cluster: 1
  Allocated samples: 1
  All variant IDs in cluster: [831]
  PICKED REPRESENTATIVES: [831]

Cluster 14:
  Total variants in cluster: 1
  Allocated samples: 1
  All variant IDs in cluster: [1190]
  PICKED REPRESENTATIVES: [1190]

Final selection:
  Total variants: 15
  Total samples: 23
  Intentional: 12
  Unintentional: 11

================================================================================
CLUSTER MEMBERSHIP & REPRESENTATIVES SUMMARY
================================================================================

Cluster 0:
  Size: 4 variants
  Picked: 1 representatives
  All members: [1296, 1763, 2110, 2235]
  Representatives: [2110]

Cluster 1:
  Size: 297 variants
  Picked: 1 representatives
  All members: [8, 20, 24, 44, 71, 74, 104, 111, 115, 132, 135, 144, 147, 159, 187, 201, 243, 258, 259, 275, 287, 300, 322, 325, 332, 358, 388, 409, 430, 450, 456, 512, 530, 544, 570, 576, 589, 598, 605, 634, 636, 656, 657, 672, 702, 703, 715, 733, 754, 755, 767, 807, 812, 814, 849, 868, 883, 890, 932, 948, 964, 966, 986, 991, 1007, 1010, 1021, 1041, 1051, 1062, 1076, 1083, 1105, 1112, 1114, 1120, 1130, 1145, 1148, 1149, 1193, 1205, 1217, 1244, 1246, 1247, 1268, 1282, 1284, 1297, 1312, 1313, 1341, 1398, 1412, 1413, 1418, 1419, 1436, 1448, 1449, 1458, 1480, 1511, 1535, 1536, 1615, 1616, 1624, 1630, 1658, 1665, 1674, 1680, 1685, 1730, 1739, 1760, 1766, 1767, 1796, 1823, 1828, 1830, 1886, 1937, 1938, 1943, 1972, 1974, 1980, 1994, 1998, 2002, 2025, 2050, 2059, 2115, 2126, 2135, 2175, 2178, 2182, 2188, 2196, 2216, 2256, 2262, 2279, 2292, 2298, 2305, 2307, 2308, 2313, 2314, 2326, 2398, 2399, 2403, 2412, 2440, 2448, 2469, 2477, 2489, 2491, 2521, 2532, 2542, 2547, 2563, 2580, 2617, 2627, 2635, 2643, 2673, 2674, 2686, 2718, 2725, 2798, 2816, 2828, 2831, 2836, 2852, 2906, 2907, 2918, 2940, 2945, 2952, 2975, 3013, 3044, 3061, 3064, 3083, 3096, 3128, 3147, 3176, 3180, 3199, 3212, 3220, 3224, 3236, 3242, 3255, 3275, 3301, 3321, 3323, 3360, 3361, 3367, 3369, 3400, 3404, 3406, 3408, 3421, 3438, 3440, 3458, 3460, 3461, 3467, 3480, 3489, 3491, 3503, 3507, 3522, 3531, 3550, 3555, 3569, 3581, 3585, 3624, 3634, 3658, 3660, 3668, 3672, 3684, 3742, 3760, 3772, 3787, 3788, 3792, 3824, 3849, 3851, 3855, 3861, 3884, 3887, 3900, 3905, 3919, 3924, 3926, 3951, 3952, 3961, 3981, 4000, 4011, 4023, 4027, 4032, 4034, 4057, 4062, 4087, 4105, 4206, 4215, 4223, 4230, 4253, 4325, 4447, 4448, 4465, 4517, 4521, 4534, 4587, 4656, 4667]
  Representatives: [656]

Cluster 2:
  Size: 3 variants
  Picked: 1 representatives
  All members: [804, 3240, 4317]
  Representatives: [3240]

Cluster 3:
  Size: 18 variants
  Picked: 1 representatives
  All members: [581, 631, 817, 953, 1129, 1441, 2029, 2225, 2347, 2799, 2992, 3254, 3261, 3798, 3854, 4111, 4296, 4662]
  Representatives: [1129]

Cluster 4:
  Size: 1 variants
  Picked: 1 representatives
  All members: [3159]
  Representatives: [3159]

Cluster 5:
  Size: 4 variants
  Picked: 1 representatives
  All members: [1981, 3628, 3800, 4142]
  Representatives: [1981]

Cluster 6:
  Size: 556 variants
  Picked: 1 representatives
  All members: [57, 63, 67, 70, 73, 83, 97, 100, 112, 118, 139, 140, 143, 161, 163, 165, 175, 182, 206, 216, 219, 222, 232, 234, 237, 241, 249, 253, 257, 260, 267, 284, 290, 298, 310, 312, 318, 319, 324, 327, 343, 344, 353, 360, 361, 371, 374, 376, 392, 396, 399, 406, 411, 414, 424, 427, 431, 438, 440, 451, 466, 474, 491, 495, 504, 508, 509, 520, 525, 538, 551, 554, 567, 569, 573, 578, 586, 595, 597, 613, 632, 642, 668, 675, 695, 712, 723, 725, 732, 739, 743, 746, 748, 750, 756, 759, 760, 761, 766, 774, 795, 826, 845, 852, 853, 863, 882, 889, 894, 909, 913, 914, 918, 924, 938, 951, 954, 971, 973, 974, 987, 990, 998, 1009, 1024, 1035, 1040, 1052, 1060, 1061, 1063, 1072, 1078, 1086, 1100, 1104, 1108, 1109, 1142, 1151, 1159, 1183, 1194, 1201, 1207, 1212, 1226, 1230, 1245, 1255, 1256, 1261, 1264, 1265, 1286, 1291, 1292, 1294, 1300, 1308, 1314, 1332, 1334, 1339, 1368, 1381, 1383, 1387, 1408, 1421, 1430, 1461, 1470, 1474, 1476, 1482, 1494, 1495, 1498, 1500, 1505, 1508, 1518, 1530, 1543, 1552, 1554, 1556, 1559, 1560, 1564, 1587, 1621, 1626, 1635, 1644, 1661, 1663, 1703, 1704, 1707, 1710, 1715, 1720, 1723, 1726, 1727, 1731, 1746, 1784, 1797, 1799, 1808, 1813, 1816, 1819, 1825, 1834, 1838, 1843, 1845, 1851, 1861, 1880, 1885, 1889, 1896, 1916, 1921, 1922, 1923, 1926, 1931, 1935, 1940, 1957, 1976, 1977, 1983, 1985, 1986, 2013, 2014, 2015, 2017, 2027, 2037, 2040, 2041, 2067, 2070, 2073, 2082, 2085, 2090, 2092, 2100, 2101, 2107, 2112, 2151, 2169, 2177, 2185, 2194, 2201, 2202, 2214, 2229, 2231, 2234, 2249, 2253, 2269, 2274, 2282, 2309, 2330, 2335, 2340, 2342, 2356, 2357, 2366, 2373, 2382, 2391, 2393, 2405, 2406, 2433, 2452, 2461, 2465, 2478, 2480, 2484, 2507, 2518, 2539, 2543, 2548, 2550, 2560, 2565, 2567, 2571, 2579, 2583, 2596, 2607, 2640, 2658, 2660, 2667, 2671, 2688, 2697, 2702, 2705, 2711, 2723, 2729, 2734, 2739, 2744, 2752, 2759, 2760, 2784, 2787, 2790, 2796, 2802, 2810, 2814, 2823, 2841, 2847, 2856, 2860, 2870, 2877, 2889, 2897, 2909, 2913, 2931, 2932, 2947, 2960, 2976, 2982, 3000, 3003, 3008, 3024, 3030, 3035, 3041, 3043, 3048, 3051, 3067, 3069, 3070, 3075, 3077, 3098, 3099, 3108, 3116, 3127, 3135, 3137, 3153, 3162, 3166, 3177, 3183, 3195, 3202, 3215, 3229, 3233, 3238, 3241, 3246, 3248, 3249, 3285, 3302, 3319, 3328, 3343, 3344, 3345, 3363, 3372, 3373, 3381, 3386, 3399, 3409, 3410, 3414, 3416, 3428, 3430, 3447, 3484, 3498, 3499, 3506, 3523, 3525, 3526, 3547, 3554, 3570, 3572, 3590, 3594, 3598, 3611, 3619, 3621, 3625, 3651, 3656, 3665, 3671, 3674, 3676, 3688, 3698, 3700, 3708, 3711, 3714, 3740, 3751, 3752, 3754, 3762, 3764, 3767, 3821, 3831, 3835, 3845, 3846, 3847, 3870, 3876, 3877, 3885, 3898, 3902, 3918, 3925, 3939, 3949, 3950, 3959, 3972, 3991, 3994, 3995, 3999, 4001, 4005, 4012, 4020, 4028, 4037, 4040, 4063, 4077, 4086, 4108, 4113, 4120, 4121, 4124, 4126, 4135, 4147, 4149, 4157, 4174, 4193, 4196, 4200, 4203, 4205, 4220, 4235, 4268, 4269, 4271, 4272, 4280, 4328, 4330, 4334, 4343, 4356, 4363, 4370, 4374, 4391, 4403, 4408, 4411, 4423, 4429, 4435, 4436, 4445, 4451, 4466, 4486, 4487, 4508, 4512, 4514, 4531, 4545, 4550, 4553, 4555, 4557, 4562, 4568, 4574, 4576, 4579, 4585, 4588, 4591, 4597, 4628, 4645, 4681, 4683, 4688, 4691, 4692, 4697, 4700, 4705, 4711, 4718, 4721, 4722]
  Representatives: [3048]

Cluster 7:
  Size: 12 variants
  Picked: 1 representatives
  All members: [92, 320, 856, 1168, 1575, 1645, 2246, 2727, 2994, 3663, 3806, 3979]
  Representatives: [2727]

Cluster 8:
  Size: 1 variants
  Picked: 1 representatives
  All members: [2853]
  Representatives: [2853]

Cluster 9:
  Size: 1 variants
  Picked: 1 representatives
  All members: [1696]
  Representatives: [1696]

Cluster 10:
  Size: 1 variants
  Picked: 1 representatives
  All members: [1053]
  Representatives: [1053]

Cluster 11:
  Size: 1 variants
  Picked: 1 representatives
  All members: [3627]
  Representatives: [3627]

Cluster 12:
  Size: 10 variants
  Picked: 1 representatives
  All members: [566, 627, 1189, 1651, 1930, 2516, 2610, 3081, 3264, 3712]
  Representatives: [2516]

Cluster 13:
  Size: 1 variants
  Picked: 1 representatives
  All members: [831]
  Representatives: [831]

Cluster 14:
  Size: 1 variants
  Picked: 1 representatives
  All members: [1190]
  Representatives: [1190]
================================================================================

Selected 15 variants

======================================================================
PROPORTIONAL SAMPLING: GMM
======================================================================
Cluster info: {'algorithm': 'GMM', 'n_clusters': 15, 'silhouette': 0.11226874375846169, 'bic': np.float64(-63599.18126547765), 'aic': np.float64(-68360.76419086775), 'runtime': 0.7777040004730225, 'converged': True, 'probabilities': array([[0.00000000e+000, 0.00000000e+000, 0.00000000e+000, ...,
        0.00000000e+000, 0.00000000e+000, 0.00000000e+000],
       [0.00000000e+000, 0.00000000e+000, 0.00000000e+000, ...,
        2.36390881e-013, 0.00000000e+000, 0.00000000e+000],
       [8.55986768e-151, 0.00000000e+000, 0.00000000e+000, ...,
        0.00000000e+000, 0.00000000e+000, 0.00000000e+000],
       ...,
       [0.00000000e+000, 9.99867854e-001, 0.00000000e+000, ...,
        0.00000000e+000, 0.00000000e+000, 0.00000000e+000],
       [0.00000000e+000, 8.16488291e-001, 0.00000000e+000, ...,
        0.00000000e+000, 0.00000000e+000, 0.00000000e+000],
       [0.00000000e+000, 0.00000000e+000, 0.00000000e+000, ...,
        0.00000000e+000, 0.00000000e+000, 0.00000000e+000]],
      shape=(911, 15)), 'params': {'n_components': 15}}
Starting proportional sampling...
Total points: 911, Valid (non-noise): 911
Number of clusters: 15
Cluster sizes: {np.int64(0): np.int64(48), np.int64(1): np.int64(95), np.int64(2): np.int64(16), np.int64(3): np.int64(158), np.int64(4): np.int64(4), np.int64(5): np.int64(2), np.int64(6): np.int64(185), np.int64(7): np.int64(107), np.int64(8): np.int64(11), np.int64(9): np.int64(9), np.int64(10): np.int64(83), np.int64(11): np.int64(100), np.int64(12): np.int64(12), np.int64(13): np.int64(1), np.int64(14): np.int64(80)}
Initial allocation: {np.int64(0): 1, np.int64(1): 1, np.int64(2): 1, np.int64(3): 2, np.int64(4): 1, np.int64(5): 1, np.int64(6): 2, np.int64(7): 1, np.int64(8): 1, np.int64(9): 1, np.int64(10): 1, np.int64(11): 1, np.int64(12): 1, np.int64(13): 1, np.int64(14): 1}

Cluster 0:
  Total variants in cluster: 48
  Allocated samples: 1
  All variant IDs in cluster: [115, 144, 287, 332, 589, 948, 986, 991, 1114, 1168, 1205, 1244, 1246, 1247, 1282, 1398, 1458, 1480, 1645, 1665, 1972, 2050, 2135, 2188, 2196, 2298, 2412, 2489, 2686, 2718, 2816, 2828, 2918, 3176, 3212, 3507, 3569, 3624, 3660, 3668, 3861, 3887, 3926, 3952, 4000, 4011, 4032, 4034]
  PICKED REPRESENTATIVES: [991]

Cluster 1:
  Total variants in cluster: 95
  Allocated samples: 1
  All variant IDs in cluster: [70, 83, 112, 216, 249, 284, 319, 324, 327, 353, 374, 427, 451, 495, 538, 595, 632, 863, 882, 918, 1009, 1201, 1207, 1256, 1381, 1387, 1518, 1784, 1813, 1816, 1819, 1838, 1843, 1851, 1885, 1926, 1940, 1983, 2013, 2070, 2229, 2231, 2234, 2249, 2391, 2405, 2461, 2688, 2702, 2705, 2734, 2744, 2752, 2760, 2784, 2860, 2931, 3003, 3048, 3051, 3067, 3116, 3249, 3319, 3343, 3345, 3381, 3409, 3414, 3416, 3430, 3447, 3484, 3526, 3590, 3700, 3711, 3740, 3751, 3764, 3821, 3847, 3994, 4113, 4120, 4124, 4203, 4391, 4514, 4550, 4585, 4692, 4700, 4718, 4721]
  PICKED REPRESENTATIVES: [3751]

Cluster 2:
  Total variants in cluster: 16
  Allocated samples: 1
  All variant IDs in cluster: [581, 631, 817, 953, 1129, 1441, 2029, 2225, 2347, 2799, 2992, 3254, 3854, 4111, 4296, 4662]
  PICKED REPRESENTATIVES: [4662]

Cluster 3:
  Total variants in cluster: 158
  Allocated samples: 1
  All variant IDs in cluster: [63, 67, 74, 135, 143, 161, 163, 182, 187, 234, 241, 258, 290, 312, 322, 358, 409, 491, 512, 551, 554, 675, 723, 748, 755, 845, 849, 889, 913, 924, 932, 964, 966, 973, 1007, 1010, 1021, 1024, 1040, 1061, 1062, 1100, 1104, 1145, 1193, 1245, 1255, 1265, 1300, 1308, 1341, 1383, 1412, 1413, 1494, 1505, 1508, 1530, 1556, 1615, 1630, 1658, 1661, 1680, 1707, 1739, 1766, 1797, 1834, 1886, 1938, 1980, 1986, 2059, 2115, 2256, 2307, 2314, 2342, 2357, 2366, 2382, 2398, 2399, 2440, 2477, 2563, 2617, 2627, 2635, 2660, 2673, 2674, 2759, 2790, 2798, 2831, 2836, 2877, 2940, 2976, 2982, 3000, 3013, 3064, 3070, 3153, 3177, 3180, 3236, 3242, 3275, 3323, 3360, 3399, 3406, 3408, 3491, 3522, 3594, 3611, 3634, 3672, 3688, 3762, 3824, 3849, 3876, 3884, 3950, 3959, 3972, 4023, 4040, 4077, 4086, 4105, 4135, 4196, 4200, 4206, 4215, 4223, 4253, 4325, 4403, 4423, 4447, 4448, 4517, 4521, 4534, 4553, 4645, 4656, 4667, 4688, 4722]
  PICKED REPRESENTATIVES: [3959]

Cluster 4:
  Total variants in cluster: 4
  Allocated samples: 1
  All variant IDs in cluster: [831, 1190, 2853, 3627]
  PICKED REPRESENTATIVES: [831]

Cluster 5:
  Total variants in cluster: 2
  Allocated samples: 1
  All variant IDs in cluster: [1053, 1696]
  PICKED REPRESENTATIVES: [1696]

Cluster 6:
  Total variants in cluster: 185
  Allocated samples: 1
  All variant IDs in cluster: [73, 139, 140, 175, 206, 219, 222, 232, 260, 267, 310, 318, 343, 344, 360, 361, 371, 392, 399, 424, 438, 440, 474, 504, 508, 525, 567, 597, 712, 739, 743, 746, 756, 760, 766, 795, 852, 853, 894, 909, 914, 938, 954, 971, 974, 990, 1035, 1052, 1063, 1183, 1212, 1226, 1230, 1261, 1264, 1286, 1292, 1314, 1334, 1339, 1430, 1470, 1476, 1482, 1500, 1543, 1552, 1559, 1564, 1621, 1626, 1644, 1663, 1710, 1726, 1727, 1825, 1845, 1922, 1977, 2014, 2027, 2067, 2082, 2101, 2107, 2112, 2151, 2169, 2194, 2201, 2214, 2269, 2274, 2282, 2330, 2335, 2356, 2393, 2478, 2480, 2484, 2507, 2539, 2543, 2548, 2571, 2579, 2596, 2607, 2671, 2711, 2729, 2739, 2802, 2810, 2847, 2870, 2909, 2913, 2947, 3030, 3035, 3041, 3043, 3069, 3075, 3098, 3108, 3127, 3135, 3162, 3195, 3238, 3241, 3246, 3344, 3372, 3499, 3525, 3547, 3598, 3619, 3625, 3656, 3665, 3674, 3676, 3708, 3754, 3885, 3898, 3902, 3939, 3949, 3995, 4005, 4037, 4108, 4147, 4149, 4157, 4205, 4235, 4271, 4280, 4328, 4330, 4343, 4363, 4436, 4445, 4466, 4508, 4512, 4545, 4555, 4557, 4562, 4568, 4576, 4579, 4597, 4697, 4711]
  PICKED REPRESENTATIVES: [3035]

Cluster 7:
  Total variants in cluster: 107
  Allocated samples: 1
  All variant IDs in cluster: [24, 44, 111, 147, 201, 275, 300, 388, 430, 450, 456, 544, 570, 576, 605, 642, 656, 657, 703, 715, 759, 767, 807, 868, 890, 1041, 1120, 1149, 1268, 1312, 1313, 1418, 1449, 1511, 1624, 1674, 1760, 1767, 1796, 1828, 1861, 1937, 1943, 1974, 1994, 2002, 2025, 2126, 2178, 2182, 2262, 2279, 2292, 2305, 2308, 2326, 2448, 2491, 2532, 2542, 2547, 2580, 2643, 2852, 2906, 2945, 2952, 2975, 3044, 3061, 3083, 3096, 3099, 3147, 3199, 3220, 3255, 3301, 3321, 3367, 3400, 3410, 3421, 3440, 3458, 3460, 3461, 3467, 3489, 3555, 3581, 3585, 3658, 3684, 3742, 3760, 3787, 3792, 3851, 3900, 3919, 3924, 3951, 4062, 4230, 4465, 4587]
  PICKED REPRESENTATIVES: [3900]

Cluster 8:
  Total variants in cluster: 11
  Allocated samples: 1
  All variant IDs in cluster: [8, 566, 627, 1189, 1651, 1930, 2516, 2610, 3081, 3264, 3712]
  PICKED REPRESENTATIVES: [8]

Cluster 9:
  Total variants in cluster: 9
  Allocated samples: 1
  All variant IDs in cluster: [92, 320, 856, 1575, 2246, 2727, 3663, 3806, 3979]
  PICKED REPRESENTATIVES: [92]

Cluster 10:
  Total variants in cluster: 83
  Allocated samples: 1
  All variant IDs in cluster: [97, 100, 118, 165, 257, 376, 396, 520, 573, 586, 668, 761, 804, 826, 951, 987, 998, 1086, 1151, 1159, 1291, 1294, 1421, 1461, 1474, 1498, 1554, 1560, 1587, 1635, 1720, 1723, 1808, 1889, 1921, 1976, 1981, 2015, 2037, 2040, 2085, 2100, 2202, 2309, 2565, 2723, 2814, 2841, 2897, 2932, 3137, 3229, 3240, 3261, 3302, 3363, 3386, 3523, 3621, 3628, 3714, 3798, 3800, 3835, 3845, 3991, 3999, 4012, 4126, 4142, 4174, 4220, 4317, 4374, 4408, 4411, 4435, 4451, 4574, 4681, 4683, 4691, 4705]
  PICKED REPRESENTATIVES: [3714]

Cluster 11:
  Total variants in cluster: 100
  Allocated samples: 1
  All variant IDs in cluster: [20, 57, 71, 104, 132, 159, 237, 259, 406, 414, 431, 530, 578, 598, 613, 634, 636, 672, 702, 733, 754, 814, 883, 1072, 1083, 1105, 1112, 1130, 1148, 1194, 1217, 1284, 1296, 1297, 1419, 1436, 1448, 1535, 1536, 1616, 1730, 1763, 1799, 1823, 1830, 1896, 1916, 1923, 1931, 1998, 2092, 2110, 2175, 2177, 2185, 2216, 2235, 2403, 2406, 2452, 2465, 2469, 2518, 2550, 2567, 2583, 2667, 2697, 2725, 3008, 3024, 3128, 3202, 3224, 3248, 3285, 3328, 3361, 3369, 3428, 3438, 3480, 3498, 3531, 3550, 3572, 3767, 3772, 3788, 3855, 3870, 3905, 3961, 3981, 4001, 4027, 4057, 4087, 4269, 4628]
  PICKED REPRESENTATIVES: [1998]

Cluster 12:
  Total variants in cluster: 12
  Allocated samples: 1
  All variant IDs in cluster: [243, 325, 812, 1051, 1076, 1685, 2313, 2521, 2907, 2994, 3404, 3503]
  PICKED REPRESENTATIVES: [1051]

Cluster 13:
  Total variants in cluster: 1
  Allocated samples: 1
  All variant IDs in cluster: [3159]
  PICKED REPRESENTATIVES: [3159]

Cluster 14:
  Total variants in cluster: 80
  Allocated samples: 1
  All variant IDs in cluster: [253, 298, 411, 466, 509, 569, 695, 725, 732, 750, 774, 1060, 1078, 1108, 1109, 1142, 1332, 1368, 1408, 1495, 1703, 1704, 1715, 1731, 1746, 1880, 1935, 1957, 1985, 2017, 2041, 2073, 2090, 2253, 2340, 2373, 2433, 2560, 2640, 2658, 2787, 2796, 2823, 2856, 2889, 2960, 3077, 3166, 3183, 3215, 3233, 3373, 3506, 3554, 3570, 3651, 3671, 3698, 3752, 3831, 3846, 3877, 3918, 3925, 4020, 4028, 4063, 4121, 4193, 4268, 4272, 4334, 4356, 4370, 4429, 4486, 4487, 4531, 4588, 4591]
  PICKED REPRESENTATIVES: [466]

Final selection:
  Total variants: 15
  Total samples: 23
  Intentional: 9
  Unintentional: 14

================================================================================
CLUSTER MEMBERSHIP & REPRESENTATIVES SUMMARY
================================================================================

Cluster 0:
  Size: 48 variants
  Picked: 1 representatives
  All members: [115, 144, 287, 332, 589, 948, 986, 991, 1114, 1168, 1205, 1244, 1246, 1247, 1282, 1398, 1458, 1480, 1645, 1665, 1972, 2050, 2135, 2188, 2196, 2298, 2412, 2489, 2686, 2718, 2816, 2828, 2918, 3176, 3212, 3507, 3569, 3624, 3660, 3668, 3861, 3887, 3926, 3952, 4000, 4011, 4032, 4034]
  Representatives: [991]

Cluster 1:
  Size: 95 variants
  Picked: 1 representatives
  All members: [70, 83, 112, 216, 249, 284, 319, 324, 327, 353, 374, 427, 451, 495, 538, 595, 632, 863, 882, 918, 1009, 1201, 1207, 1256, 1381, 1387, 1518, 1784, 1813, 1816, 1819, 1838, 1843, 1851, 1885, 1926, 1940, 1983, 2013, 2070, 2229, 2231, 2234, 2249, 2391, 2405, 2461, 2688, 2702, 2705, 2734, 2744, 2752, 2760, 2784, 2860, 2931, 3003, 3048, 3051, 3067, 3116, 3249, 3319, 3343, 3345, 3381, 3409, 3414, 3416, 3430, 3447, 3484, 3526, 3590, 3700, 3711, 3740, 3751, 3764, 3821, 3847, 3994, 4113, 4120, 4124, 4203, 4391, 4514, 4550, 4585, 4692, 4700, 4718, 4721]
  Representatives: [3751]

Cluster 2:
  Size: 16 variants
  Picked: 1 representatives
  All members: [581, 631, 817, 953, 1129, 1441, 2029, 2225, 2347, 2799, 2992, 3254, 3854, 4111, 4296, 4662]
  Representatives: [4662]

Cluster 3:
  Size: 158 variants
  Picked: 1 representatives
  All members: [63, 67, 74, 135, 143, 161, 163, 182, 187, 234, 241, 258, 290, 312, 322, 358, 409, 491, 512, 551, 554, 675, 723, 748, 755, 845, 849, 889, 913, 924, 932, 964, 966, 973, 1007, 1010, 1021, 1024, 1040, 1061, 1062, 1100, 1104, 1145, 1193, 1245, 1255, 1265, 1300, 1308, 1341, 1383, 1412, 1413, 1494, 1505, 1508, 1530, 1556, 1615, 1630, 1658, 1661, 1680, 1707, 1739, 1766, 1797, 1834, 1886, 1938, 1980, 1986, 2059, 2115, 2256, 2307, 2314, 2342, 2357, 2366, 2382, 2398, 2399, 2440, 2477, 2563, 2617, 2627, 2635, 2660, 2673, 2674, 2759, 2790, 2798, 2831, 2836, 2877, 2940, 2976, 2982, 3000, 3013, 3064, 3070, 3153, 3177, 3180, 3236, 3242, 3275, 3323, 3360, 3399, 3406, 3408, 3491, 3522, 3594, 3611, 3634, 3672, 3688, 3762, 3824, 3849, 3876, 3884, 3950, 3959, 3972, 4023, 4040, 4077, 4086, 4105, 4135, 4196, 4200, 4206, 4215, 4223, 4253, 4325, 4403, 4423, 4447, 4448, 4517, 4521, 4534, 4553, 4645, 4656, 4667, 4688, 4722]
  Representatives: [3959]

Cluster 4:
  Size: 4 variants
  Picked: 1 representatives
  All members: [831, 1190, 2853, 3627]
  Representatives: [831]

Cluster 5:
  Size: 2 variants
  Picked: 1 representatives
  All members: [1053, 1696]
  Representatives: [1696]

Cluster 6:
  Size: 185 variants
  Picked: 1 representatives
  All members: [73, 139, 140, 175, 206, 219, 222, 232, 260, 267, 310, 318, 343, 344, 360, 361, 371, 392, 399, 424, 438, 440, 474, 504, 508, 525, 567, 597, 712, 739, 743, 746, 756, 760, 766, 795, 852, 853, 894, 909, 914, 938, 954, 971, 974, 990, 1035, 1052, 1063, 1183, 1212, 1226, 1230, 1261, 1264, 1286, 1292, 1314, 1334, 1339, 1430, 1470, 1476, 1482, 1500, 1543, 1552, 1559, 1564, 1621, 1626, 1644, 1663, 1710, 1726, 1727, 1825, 1845, 1922, 1977, 2014, 2027, 2067, 2082, 2101, 2107, 2112, 2151, 2169, 2194, 2201, 2214, 2269, 2274, 2282, 2330, 2335, 2356, 2393, 2478, 2480, 2484, 2507, 2539, 2543, 2548, 2571, 2579, 2596, 2607, 2671, 2711, 2729, 2739, 2802, 2810, 2847, 2870, 2909, 2913, 2947, 3030, 3035, 3041, 3043, 3069, 3075, 3098, 3108, 3127, 3135, 3162, 3195, 3238, 3241, 3246, 3344, 3372, 3499, 3525, 3547, 3598, 3619, 3625, 3656, 3665, 3674, 3676, 3708, 3754, 3885, 3898, 3902, 3939, 3949, 3995, 4005, 4037, 4108, 4147, 4149, 4157, 4205, 4235, 4271, 4280, 4328, 4330, 4343, 4363, 4436, 4445, 4466, 4508, 4512, 4545, 4555, 4557, 4562, 4568, 4576, 4579, 4597, 4697, 4711]
  Representatives: [3035]

Cluster 7:
  Size: 107 variants
  Picked: 1 representatives
  All members: [24, 44, 111, 147, 201, 275, 300, 388, 430, 450, 456, 544, 570, 576, 605, 642, 656, 657, 703, 715, 759, 767, 807, 868, 890, 1041, 1120, 1149, 1268, 1312, 1313, 1418, 1449, 1511, 1624, 1674, 1760, 1767, 1796, 1828, 1861, 1937, 1943, 1974, 1994, 2002, 2025, 2126, 2178, 2182, 2262, 2279, 2292, 2305, 2308, 2326, 2448, 2491, 2532, 2542, 2547, 2580, 2643, 2852, 2906, 2945, 2952, 2975, 3044, 3061, 3083, 3096, 3099, 3147, 3199, 3220, 3255, 3301, 3321, 3367, 3400, 3410, 3421, 3440, 3458, 3460, 3461, 3467, 3489, 3555, 3581, 3585, 3658, 3684, 3742, 3760, 3787, 3792, 3851, 3900, 3919, 3924, 3951, 4062, 4230, 4465, 4587]
  Representatives: [3900]

Cluster 8:
  Size: 11 variants
  Picked: 1 representatives
  All members: [8, 566, 627, 1189, 1651, 1930, 2516, 2610, 3081, 3264, 3712]
  Representatives: [8]

Cluster 9:
  Size: 9 variants
  Picked: 1 representatives
  All members: [92, 320, 856, 1575, 2246, 2727, 3663, 3806, 3979]
  Representatives: [92]

Cluster 10:
  Size: 83 variants
  Picked: 1 representatives
  All members: [97, 100, 118, 165, 257, 376, 396, 520, 573, 586, 668, 761, 804, 826, 951, 987, 998, 1086, 1151, 1159, 1291, 1294, 1421, 1461, 1474, 1498, 1554, 1560, 1587, 1635, 1720, 1723, 1808, 1889, 1921, 1976, 1981, 2015, 2037, 2040, 2085, 2100, 2202, 2309, 2565, 2723, 2814, 2841, 2897, 2932, 3137, 3229, 3240, 3261, 3302, 3363, 3386, 3523, 3621, 3628, 3714, 3798, 3800, 3835, 3845, 3991, 3999, 4012, 4126, 4142, 4174, 4220, 4317, 4374, 4408, 4411, 4435, 4451, 4574, 4681, 4683, 4691, 4705]
  Representatives: [3714]

Cluster 11:
  Size: 100 variants
  Picked: 1 representatives
  All members: [20, 57, 71, 104, 132, 159, 237, 259, 406, 414, 431, 530, 578, 598, 613, 634, 636, 672, 702, 733, 754, 814, 883, 1072, 1083, 1105, 1112, 1130, 1148, 1194, 1217, 1284, 1296, 1297, 1419, 1436, 1448, 1535, 1536, 1616, 1730, 1763, 1799, 1823, 1830, 1896, 1916, 1923, 1931, 1998, 2092, 2110, 2175, 2177, 2185, 2216, 2235, 2403, 2406, 2452, 2465, 2469, 2518, 2550, 2567, 2583, 2667, 2697, 2725, 3008, 3024, 3128, 3202, 3224, 3248, 3285, 3328, 3361, 3369, 3428, 3438, 3480, 3498, 3531, 3550, 3572, 3767, 3772, 3788, 3855, 3870, 3905, 3961, 3981, 4001, 4027, 4057, 4087, 4269, 4628]
  Representatives: [1998]

Cluster 12:
  Size: 12 variants
  Picked: 1 representatives
  All members: [243, 325, 812, 1051, 1076, 1685, 2313, 2521, 2907, 2994, 3404, 3503]
  Representatives: [1051]

Cluster 13:
  Size: 1 variants
  Picked: 1 representatives
  All members: [3159]
  Representatives: [3159]

Cluster 14:
  Size: 80 variants
  Picked: 1 representatives
  All members: [253, 298, 411, 466, 509, 569, 695, 725, 732, 750, 774, 1060, 1078, 1108, 1109, 1142, 1332, 1368, 1408, 1495, 1703, 1704, 1715, 1731, 1746, 1880, 1935, 1957, 1985, 2017, 2041, 2073, 2090, 2253, 2340, 2373, 2433, 2560, 2640, 2658, 2787, 2796, 2823, 2856, 2889, 2960, 3077, 3166, 3183, 3215, 3233, 3373, 3506, 3554, 3570, 3651, 3671, 3698, 3752, 3831, 3846, 3877, 3918, 3925, 4020, 4028, 4063, 4121, 4193, 4268, 4272, 4334, 4356, 4370, 4429, 4486, 4487, 4531, 4588, 4591]
  Representatives: [466]
================================================================================

Selected 15 variants

======================================================================
PROPORTIONAL SAMPLING: HDBSCAN
======================================================================
Cluster info: {'algorithm': 'HDBSCAN', 'n_clusters': 46, 'n_noise': 215, 'silhouette': 0.7235862186617477, 'runtime': 0.02339339256286621, 'params': {'min_cluster_size': 5, 'min_samples': 5}}
Starting proportional sampling...
Total points: 911, Valid (non-noise): 696
Number of clusters: 46
Cluster sizes: {np.int64(0): np.int64(19), np.int64(1): np.int64(7), np.int64(2): np.int64(10), np.int64(3): np.int64(13), np.int64(4): np.int64(7), np.int64(5): np.int64(14), np.int64(6): np.int64(14), np.int64(7): np.int64(16), np.int64(8): np.int64(6), np.int64(9): np.int64(32), np.int64(10): np.int64(6), np.int64(11): np.int64(5), np.int64(12): np.int64(7), np.int64(13): np.int64(44), np.int64(14): np.int64(23), np.int64(15): np.int64(6), np.int64(16): np.int64(29), np.int64(17): np.int64(6), np.int64(18): np.int64(6), np.int64(19): np.int64(9), np.int64(20): np.int64(44), np.int64(21): np.int64(13), np.int64(22): np.int64(7), np.int64(23): np.int64(34), np.int64(24): np.int64(5), np.int64(25): np.int64(5), np.int64(26): np.int64(15), np.int64(27): np.int64(7), np.int64(28): np.int64(17), np.int64(29): np.int64(30), np.int64(30): np.int64(18), np.int64(31): np.int64(43), np.int64(32): np.int64(8), np.int64(33): np.int64(8), np.int64(34): np.int64(7), np.int64(35): np.int64(11), np.int64(36): np.int64(10), np.int64(37): np.int64(32), np.int64(38): np.int64(6), np.int64(39): np.int64(8), np.int64(40): np.int64(29), np.int64(41): np.int64(15), np.int64(42): np.int64(7), np.int64(43): np.int64(12), np.int64(44): np.int64(7), np.int64(45): np.int64(19)}
Initial allocation: {np.int64(0): 1, np.int64(1): 1, np.int64(2): 1, np.int64(3): 1, np.int64(4): 1, np.int64(5): 1, np.int64(6): 1, np.int64(7): 1, np.int64(8): 1, np.int64(9): 1, np.int64(10): 1, np.int64(11): 1, np.int64(12): 1, np.int64(13): 1, np.int64(14): 1, np.int64(15): 1, np.int64(16): 1, np.int64(17): 1, np.int64(18): 1, np.int64(19): 1, np.int64(20): 1, np.int64(21): 1, np.int64(22): 1, np.int64(23): 1, np.int64(24): 1, np.int64(25): 1, np.int64(26): 1, np.int64(27): 1, np.int64(28): 1, np.int64(29): 1, np.int64(30): 1, np.int64(31): 1, np.int64(32): 1, np.int64(33): 1, np.int64(34): 1, np.int64(35): 1, np.int64(36): 1, np.int64(37): 1, np.int64(38): 1, np.int64(39): 1, np.int64(40): 1, np.int64(41): 1, np.int64(42): 1, np.int64(43): 1, np.int64(44): 1, np.int64(45): 1}

Cluster 0:
  Total variants in cluster: 19
  Allocated samples: 1
  All variant IDs in cluster: [581, 631, 817, 953, 1129, 1441, 2029, 2225, 2347, 2799, 2992, 3254, 3261, 3798, 3854, 4111, 4296, 4317, 4662]
  PICKED REPRESENTATIVES: [2992]

Cluster 1:
  Total variants in cluster: 7
  Allocated samples: 1
  All variant IDs in cluster: [320, 1168, 1575, 1645, 2994, 3663, 3979]
  PICKED REPRESENTATIVES: [3663]

Cluster 2:
  Total variants in cluster: 10
  Allocated samples: 1
  All variant IDs in cluster: [566, 627, 1189, 1651, 1930, 2516, 2610, 3081, 3264, 3712]
  PICKED REPRESENTATIVES: [1930]

Cluster 3:
  Total variants in cluster: 13
  Allocated samples: 1
  All variant IDs in cluster: [883, 1051, 1083, 1436, 1685, 1823, 2313, 2469, 2725, 3224, 3531, 3550, 3855]
  PICKED REPRESENTATIVES: [1823]

Cluster 4:
  Total variants in cluster: 7
  Allocated samples: 1
  All variant IDs in cluster: [431, 1072, 2518, 3024, 3248, 3767, 3870]
  PICKED REPRESENTATIVES: [431]

Cluster 5:
  Total variants in cluster: 14
  Allocated samples: 1
  All variant IDs in cluster: [132, 243, 530, 733, 812, 814, 1105, 1297, 1536, 1730, 3503, 3905, 3961, 3981]
  PICKED REPRESENTATIVES: [132]

Cluster 6:
  Total variants in cluster: 14
  Allocated samples: 1
  All variant IDs in cluster: [71, 259, 754, 948, 1247, 1284, 1398, 2135, 2918, 3176, 3369, 3569, 3861, 4057]
  PICKED REPRESENTATIVES: [1398]

Cluster 7:
  Total variants in cluster: 16
  Allocated samples: 1
  All variant IDs in cluster: [159, 598, 702, 1112, 1130, 1148, 1217, 1419, 1998, 2216, 2403, 3128, 3361, 3480, 3788, 4027]
  PICKED REPRESENTATIVES: [1112]

Cluster 8:
  Total variants in cluster: 6
  Allocated samples: 1
  All variant IDs in cluster: [144, 1114, 1244, 1665, 2412, 4032]
  PICKED REPRESENTATIVES: [1665]

Cluster 9:
  Total variants in cluster: 32
  Allocated samples: 1
  All variant IDs in cluster: [115, 287, 332, 589, 986, 991, 1205, 1246, 1282, 1458, 1480, 1972, 2050, 2188, 2196, 2298, 2489, 2686, 2718, 2816, 2828, 3212, 3507, 3624, 3660, 3668, 3887, 3926, 3952, 4000, 4011, 4034]
  PICKED REPRESENTATIVES: [1480]

Cluster 10:
  Total variants in cluster: 6
  Allocated samples: 1
  All variant IDs in cluster: [456, 890, 2178, 2491, 3461, 3924]
  PICKED REPRESENTATIVES: [2491]

Cluster 11:
  Total variants in cluster: 5
  Allocated samples: 1
  All variant IDs in cluster: [237, 613, 1194, 2177, 3572]
  PICKED REPRESENTATIVES: [2177]

Cluster 12:
  Total variants in cluster: 7
  Allocated samples: 1
  All variant IDs in cluster: [450, 767, 868, 1041, 3199, 3467, 3851]
  PICKED REPRESENTATIVES: [767]

Cluster 13:
  Total variants in cluster: 44
  Allocated samples: 1
  All variant IDs in cluster: [206, 318, 360, 399, 438, 597, 760, 852, 894, 914, 938, 1063, 1559, 1663, 1710, 1726, 2014, 2067, 2101, 2107, 2194, 2214, 2335, 2393, 2571, 2596, 3043, 3241, 3246, 3344, 3547, 3598, 3656, 3665, 3754, 3939, 3995, 4157, 4328, 4343, 4445, 4545, 4555, 4557]
  PICKED REPRESENTATIVES: [1063]

Cluster 14:
  Total variants in cluster: 23
  Allocated samples: 1
  All variant IDs in cluster: [298, 725, 774, 1731, 1746, 1880, 1935, 2041, 2073, 2340, 2960, 3166, 3183, 3215, 3554, 3570, 3651, 3846, 3877, 3918, 4020, 4193, 4268]
  PICKED REPRESENTATIVES: [1746]

Cluster 15:
  Total variants in cluster: 6
  Allocated samples: 1
  All variant IDs in cluster: [512, 1766, 3672, 3824, 3849, 4521]
  PICKED REPRESENTATIVES: [4521]

Cluster 16:
  Total variants in cluster: 29
  Allocated samples: 1
  All variant IDs in cluster: [187, 241, 312, 358, 409, 551, 755, 1104, 1341, 1739, 1980, 2256, 2314, 2563, 2627, 2798, 2831, 2982, 3013, 3236, 3406, 3611, 3959, 4023, 4105, 4215, 4447, 4517, 4534]
  PICKED REPRESENTATIVES: [187]

Cluster 17:
  Total variants in cluster: 6
  Allocated samples: 1
  All variant IDs in cluster: [1916, 1923, 3285, 3328, 3428, 4269]
  PICKED REPRESENTATIVES: [3428]

Cluster 18:
  Total variants in cluster: 6
  Allocated samples: 1
  All variant IDs in cluster: [1799, 2185, 2465, 2667, 3202, 4628]
  PICKED REPRESENTATIVES: [2185]

Cluster 19:
  Total variants in cluster: 9
  Allocated samples: 1
  All variant IDs in cluster: [74, 964, 1938, 2440, 2674, 3360, 3884, 4223, 4253]
  PICKED REPRESENTATIVES: [4223]

Cluster 20:
  Total variants in cluster: 44
  Allocated samples: 1
  All variant IDs in cluster: [24, 111, 275, 430, 570, 657, 715, 807, 1149, 1268, 1313, 1624, 1760, 1943, 2002, 2025, 2262, 2292, 2305, 2308, 2448, 2532, 2643, 2906, 2945, 2952, 2975, 3044, 3061, 3083, 3096, 3220, 3301, 3367, 3400, 3421, 3489, 3585, 3658, 3760, 3787, 3919, 3951, 4062]
  PICKED REPRESENTATIVES: [807]

Cluster 21:
  Total variants in cluster: 13
  Allocated samples: 1
  All variant IDs in cluster: [135, 258, 849, 1021, 1145, 1193, 1412, 2398, 2940, 3180, 3242, 3491, 4206]
  PICKED REPRESENTATIVES: [2940]

Cluster 22:
  Total variants in cluster: 7
  Allocated samples: 1
  All variant IDs in cluster: [966, 1413, 1630, 1680, 2115, 2399, 2617]
  PICKED REPRESENTATIVES: [966]

Cluster 23:
  Total variants in cluster: 34
  Allocated samples: 1
  All variant IDs in cluster: [73, 344, 371, 424, 504, 508, 756, 909, 974, 1052, 1292, 1482, 1543, 1552, 1644, 2027, 2082, 2112, 2151, 2478, 2607, 2847, 2870, 2947, 3041, 3069, 3499, 3619, 3625, 3902, 3949, 4037, 4508, 4512]
  PICKED REPRESENTATIVES: [1543]

Cluster 24:
  Total variants in cluster: 5
  Allocated samples: 1
  All variant IDs in cluster: [576, 1120, 1449, 2182, 3581]
  PICKED REPRESENTATIVES: [1449]

Cluster 25:
  Total variants in cluster: 5
  Allocated samples: 1
  All variant IDs in cluster: [703, 1767, 3458, 3742, 3792]
  PICKED REPRESENTATIVES: [3792]

Cluster 26:
  Total variants in cluster: 15
  Allocated samples: 1
  All variant IDs in cluster: [161, 924, 1024, 1040, 1245, 1494, 1556, 1834, 2342, 3070, 3688, 3950, 3972, 4135, 4200]
  PICKED REPRESENTATIVES: [161]

Cluster 27:
  Total variants in cluster: 7
  Allocated samples: 1
  All variant IDs in cluster: [569, 1703, 2017, 2090, 3671, 3752, 4486]
  PICKED REPRESENTATIVES: [2017]

Cluster 28:
  Total variants in cluster: 17
  Allocated samples: 1
  All variant IDs in cluster: [253, 509, 695, 1060, 1332, 1704, 1957, 2433, 2658, 2796, 2823, 3077, 3698, 3925, 4028, 4121, 4334]
  PICKED REPRESENTATIVES: [1060]

Cluster 29:
  Total variants in cluster: 30
  Allocated samples: 1
  All variant IDs in cluster: [411, 466, 732, 750, 1108, 1109, 1142, 1212, 1408, 1495, 1727, 1922, 1985, 2253, 2373, 2640, 2787, 2856, 2889, 2913, 3233, 3373, 4063, 4271, 4272, 4356, 4370, 4487, 4588, 4591]
  PICKED REPRESENTATIVES: [1408]

Cluster 30:
  Total variants in cluster: 18
  Allocated samples: 1
  All variant IDs in cluster: [232, 343, 1230, 1530, 2169, 2269, 2507, 2539, 2671, 2711, 2802, 3177, 3195, 3238, 3372, 4280, 4436, 4568]
  PICKED REPRESENTATIVES: [4436]

Cluster 31:
  Total variants in cluster: 43
  Allocated samples: 1
  All variant IDs in cluster: [63, 67, 163, 182, 234, 290, 491, 554, 675, 723, 845, 973, 1100, 1265, 1300, 1308, 1383, 1505, 1661, 1707, 1797, 1986, 2382, 2660, 2759, 2790, 2877, 2976, 3000, 3153, 3399, 3594, 3876, 4040, 4077, 4086, 4196, 4403, 4423, 4645, 4667, 4688, 4722]
  PICKED REPRESENTATIVES: [290]

Cluster 32:
  Total variants in cluster: 8
  Allocated samples: 1
  All variant IDs in cluster: [140, 267, 2480, 2729, 3135, 4330, 4363, 4711]
  PICKED REPRESENTATIVES: [4330]

Cluster 33:
  Total variants in cluster: 8
  Allocated samples: 1
  All variant IDs in cluster: [853, 1286, 1508, 2543, 2579, 3127, 4205, 4576]
  PICKED REPRESENTATIVES: [2579]

Cluster 34:
  Total variants in cluster: 7
  Allocated samples: 1
  All variant IDs in cluster: [361, 1264, 1621, 2739, 3030, 3674, 3708]
  PICKED REPRESENTATIVES: [3030]

Cluster 35:
  Total variants in cluster: 11
  Allocated samples: 1
  All variant IDs in cluster: [216, 324, 1819, 2231, 2249, 2405, 2931, 3700, 3711, 3751, 4203]
  PICKED REPRESENTATIVES: [324]

Cluster 36:
  Total variants in cluster: 10
  Allocated samples: 1
  All variant IDs in cluster: [139, 739, 1261, 1626, 1825, 2330, 3035, 3885, 4147, 4235]
  PICKED REPRESENTATIVES: [3035]

Cluster 37:
  Total variants in cluster: 32
  Allocated samples: 1
  All variant IDs in cluster: [260, 427, 474, 743, 746, 971, 1035, 1226, 1339, 1387, 1470, 1564, 1845, 1885, 2282, 2548, 2752, 2784, 2810, 3098, 3108, 3319, 3409, 3416, 3430, 3484, 3526, 3740, 4005, 4149, 4697, 4718]
  PICKED REPRESENTATIVES: [3416]

Cluster 38:
  Total variants in cluster: 6
  Allocated samples: 1
  All variant IDs in cluster: [112, 1518, 1784, 1940, 2391, 4550]
  PICKED REPRESENTATIVES: [4550]

Cluster 39:
  Total variants in cluster: 8
  Allocated samples: 1
  All variant IDs in cluster: [520, 951, 987, 2015, 2037, 2202, 4691, 4705]
  PICKED REPRESENTATIVES: [951]

Cluster 40:
  Total variants in cluster: 29
  Allocated samples: 1
  All variant IDs in cluster: [249, 284, 353, 374, 451, 712, 882, 954, 1201, 1816, 1838, 1843, 1926, 1983, 2461, 2705, 2734, 2860, 3003, 3051, 3249, 3343, 3414, 3590, 3676, 3847, 4113, 4597, 4692]
  PICKED REPRESENTATIVES: [3847]

Cluster 41:
  Total variants in cluster: 15
  Allocated samples: 1
  All variant IDs in cluster: [70, 83, 495, 632, 918, 1256, 2234, 2702, 3048, 3994, 4124, 4391, 4514, 4585, 4700]
  PICKED REPRESENTATIVES: [3048]

Cluster 42:
  Total variants in cluster: 7
  Allocated samples: 1
  All variant IDs in cluster: [257, 1086, 1421, 1554, 1635, 3523, 4574]
  PICKED REPRESENTATIVES: [4574]

Cluster 43:
  Total variants in cluster: 12
  Allocated samples: 1
  All variant IDs in cluster: [586, 826, 1159, 1294, 1461, 1474, 1498, 4012, 4174, 4374, 4435, 4681]
  PICKED REPRESENTATIVES: [1498]

Cluster 44:
  Total variants in cluster: 7
  Allocated samples: 1
  All variant IDs in cluster: [97, 668, 1587, 1723, 1976, 2841, 3714]
  PICKED REPRESENTATIVES: [1723]

Cluster 45:
  Total variants in cluster: 19
  Allocated samples: 1
  All variant IDs in cluster: [100, 525, 1009, 1500, 1813, 2085, 2229, 2744, 2909, 2932, 3137, 3386, 3525, 3821, 3845, 4108, 4120, 4411, 4721]
  PICKED REPRESENTATIVES: [4120]

Final selection:
  Total variants: 46
  Total samples: 58
  Intentional: 19
  Unintentional: 39

================================================================================
CLUSTER MEMBERSHIP & REPRESENTATIVES SUMMARY
================================================================================

Cluster 0:
  Size: 19 variants
  Picked: 1 representatives
  All members: [581, 631, 817, 953, 1129, 1441, 2029, 2225, 2347, 2799, 2992, 3254, 3261, 3798, 3854, 4111, 4296, 4317, 4662]
  Representatives: [2992]

Cluster 1:
  Size: 7 variants
  Picked: 1 representatives
  All members: [320, 1168, 1575, 1645, 2994, 3663, 3979]
  Representatives: [3663]

Cluster 2:
  Size: 10 variants
  Picked: 1 representatives
  All members: [566, 627, 1189, 1651, 1930, 2516, 2610, 3081, 3264, 3712]
  Representatives: [1930]

Cluster 3:
  Size: 13 variants
  Picked: 1 representatives
  All members: [883, 1051, 1083, 1436, 1685, 1823, 2313, 2469, 2725, 3224, 3531, 3550, 3855]
  Representatives: [1823]

Cluster 4:
  Size: 7 variants
  Picked: 1 representatives
  All members: [431, 1072, 2518, 3024, 3248, 3767, 3870]
  Representatives: [431]

Cluster 5:
  Size: 14 variants
  Picked: 1 representatives
  All members: [132, 243, 530, 733, 812, 814, 1105, 1297, 1536, 1730, 3503, 3905, 3961, 3981]
  Representatives: [132]

Cluster 6:
  Size: 14 variants
  Picked: 1 representatives
  All members: [71, 259, 754, 948, 1247, 1284, 1398, 2135, 2918, 3176, 3369, 3569, 3861, 4057]
  Representatives: [1398]

Cluster 7:
  Size: 16 variants
  Picked: 1 representatives
  All members: [159, 598, 702, 1112, 1130, 1148, 1217, 1419, 1998, 2216, 2403, 3128, 3361, 3480, 3788, 4027]
  Representatives: [1112]

Cluster 8:
  Size: 6 variants
  Picked: 1 representatives
  All members: [144, 1114, 1244, 1665, 2412, 4032]
  Representatives: [1665]

Cluster 9:
  Size: 32 variants
  Picked: 1 representatives
  All members: [115, 287, 332, 589, 986, 991, 1205, 1246, 1282, 1458, 1480, 1972, 2050, 2188, 2196, 2298, 2489, 2686, 2718, 2816, 2828, 3212, 3507, 3624, 3660, 3668, 3887, 3926, 3952, 4000, 4011, 4034]
  Representatives: [1480]

Cluster 10:
  Size: 6 variants
  Picked: 1 representatives
  All members: [456, 890, 2178, 2491, 3461, 3924]
  Representatives: [2491]

Cluster 11:
  Size: 5 variants
  Picked: 1 representatives
  All members: [237, 613, 1194, 2177, 3572]
  Representatives: [2177]

Cluster 12:
  Size: 7 variants
  Picked: 1 representatives
  All members: [450, 767, 868, 1041, 3199, 3467, 3851]
  Representatives: [767]

Cluster 13:
  Size: 44 variants
  Picked: 1 representatives
  All members: [206, 318, 360, 399, 438, 597, 760, 852, 894, 914, 938, 1063, 1559, 1663, 1710, 1726, 2014, 2067, 2101, 2107, 2194, 2214, 2335, 2393, 2571, 2596, 3043, 3241, 3246, 3344, 3547, 3598, 3656, 3665, 3754, 3939, 3995, 4157, 4328, 4343, 4445, 4545, 4555, 4557]
  Representatives: [1063]

Cluster 14:
  Size: 23 variants
  Picked: 1 representatives
  All members: [298, 725, 774, 1731, 1746, 1880, 1935, 2041, 2073, 2340, 2960, 3166, 3183, 3215, 3554, 3570, 3651, 3846, 3877, 3918, 4020, 4193, 4268]
  Representatives: [1746]

Cluster 15:
  Size: 6 variants
  Picked: 1 representatives
  All members: [512, 1766, 3672, 3824, 3849, 4521]
  Representatives: [4521]

Cluster 16:
  Size: 29 variants
  Picked: 1 representatives
  All members: [187, 241, 312, 358, 409, 551, 755, 1104, 1341, 1739, 1980, 2256, 2314, 2563, 2627, 2798, 2831, 2982, 3013, 3236, 3406, 3611, 3959, 4023, 4105, 4215, 4447, 4517, 4534]
  Representatives: [187]

Cluster 17:
  Size: 6 variants
  Picked: 1 representatives
  All members: [1916, 1923, 3285, 3328, 3428, 4269]
  Representatives: [3428]

Cluster 18:
  Size: 6 variants
  Picked: 1 representatives
  All members: [1799, 2185, 2465, 2667, 3202, 4628]
  Representatives: [2185]

Cluster 19:
  Size: 9 variants
  Picked: 1 representatives
  All members: [74, 964, 1938, 2440, 2674, 3360, 3884, 4223, 4253]
  Representatives: [4223]

Cluster 20:
  Size: 44 variants
  Picked: 1 representatives
  All members: [24, 111, 275, 430, 570, 657, 715, 807, 1149, 1268, 1313, 1624, 1760, 1943, 2002, 2025, 2262, 2292, 2305, 2308, 2448, 2532, 2643, 2906, 2945, 2952, 2975, 3044, 3061, 3083, 3096, 3220, 3301, 3367, 3400, 3421, 3489, 3585, 3658, 3760, 3787, 3919, 3951, 4062]
  Representatives: [807]

Cluster 21:
  Size: 13 variants
  Picked: 1 representatives
  All members: [135, 258, 849, 1021, 1145, 1193, 1412, 2398, 2940, 3180, 3242, 3491, 4206]
  Representatives: [2940]

Cluster 22:
  Size: 7 variants
  Picked: 1 representatives
  All members: [966, 1413, 1630, 1680, 2115, 2399, 2617]
  Representatives: [966]

Cluster 23:
  Size: 34 variants
  Picked: 1 representatives
  All members: [73, 344, 371, 424, 504, 508, 756, 909, 974, 1052, 1292, 1482, 1543, 1552, 1644, 2027, 2082, 2112, 2151, 2478, 2607, 2847, 2870, 2947, 3041, 3069, 3499, 3619, 3625, 3902, 3949, 4037, 4508, 4512]
  Representatives: [1543]

Cluster 24:
  Size: 5 variants
  Picked: 1 representatives
  All members: [576, 1120, 1449, 2182, 3581]
  Representatives: [1449]

Cluster 25:
  Size: 5 variants
  Picked: 1 representatives
  All members: [703, 1767, 3458, 3742, 3792]
  Representatives: [3792]

Cluster 26:
  Size: 15 variants
  Picked: 1 representatives
  All members: [161, 924, 1024, 1040, 1245, 1494, 1556, 1834, 2342, 3070, 3688, 3950, 3972, 4135, 4200]
  Representatives: [161]

Cluster 27:
  Size: 7 variants
  Picked: 1 representatives
  All members: [569, 1703, 2017, 2090, 3671, 3752, 4486]
  Representatives: [2017]

Cluster 28:
  Size: 17 variants
  Picked: 1 representatives
  All members: [253, 509, 695, 1060, 1332, 1704, 1957, 2433, 2658, 2796, 2823, 3077, 3698, 3925, 4028, 4121, 4334]
  Representatives: [1060]

Cluster 29:
  Size: 30 variants
  Picked: 1 representatives
  All members: [411, 466, 732, 750, 1108, 1109, 1142, 1212, 1408, 1495, 1727, 1922, 1985, 2253, 2373, 2640, 2787, 2856, 2889, 2913, 3233, 3373, 4063, 4271, 4272, 4356, 4370, 4487, 4588, 4591]
  Representatives: [1408]

Cluster 30:
  Size: 18 variants
  Picked: 1 representatives
  All members: [232, 343, 1230, 1530, 2169, 2269, 2507, 2539, 2671, 2711, 2802, 3177, 3195, 3238, 3372, 4280, 4436, 4568]
  Representatives: [4436]

Cluster 31:
  Size: 43 variants
  Picked: 1 representatives
  All members: [63, 67, 163, 182, 234, 290, 491, 554, 675, 723, 845, 973, 1100, 1265, 1300, 1308, 1383, 1505, 1661, 1707, 1797, 1986, 2382, 2660, 2759, 2790, 2877, 2976, 3000, 3153, 3399, 3594, 3876, 4040, 4077, 4086, 4196, 4403, 4423, 4645, 4667, 4688, 4722]
  Representatives: [290]

Cluster 32:
  Size: 8 variants
  Picked: 1 representatives
  All members: [140, 267, 2480, 2729, 3135, 4330, 4363, 4711]
  Representatives: [4330]

Cluster 33:
  Size: 8 variants
  Picked: 1 representatives
  All members: [853, 1286, 1508, 2543, 2579, 3127, 4205, 4576]
  Representatives: [2579]

Cluster 34:
  Size: 7 variants
  Picked: 1 representatives
  All members: [361, 1264, 1621, 2739, 3030, 3674, 3708]
  Representatives: [3030]

Cluster 35:
  Size: 11 variants
  Picked: 1 representatives
  All members: [216, 324, 1819, 2231, 2249, 2405, 2931, 3700, 3711, 3751, 4203]
  Representatives: [324]

Cluster 36:
  Size: 10 variants
  Picked: 1 representatives
  All members: [139, 739, 1261, 1626, 1825, 2330, 3035, 3885, 4147, 4235]
  Representatives: [3035]

Cluster 37:
  Size: 32 variants
  Picked: 1 representatives
  All members: [260, 427, 474, 743, 746, 971, 1035, 1226, 1339, 1387, 1470, 1564, 1845, 1885, 2282, 2548, 2752, 2784, 2810, 3098, 3108, 3319, 3409, 3416, 3430, 3484, 3526, 3740, 4005, 4149, 4697, 4718]
  Representatives: [3416]

Cluster 38:
  Size: 6 variants
  Picked: 1 representatives
  All members: [112, 1518, 1784, 1940, 2391, 4550]
  Representatives: [4550]

Cluster 39:
  Size: 8 variants
  Picked: 1 representatives
  All members: [520, 951, 987, 2015, 2037, 2202, 4691, 4705]
  Representatives: [951]

Cluster 40:
  Size: 29 variants
  Picked: 1 representatives
  All members: [249, 284, 353, 374, 451, 712, 882, 954, 1201, 1816, 1838, 1843, 1926, 1983, 2461, 2705, 2734, 2860, 3003, 3051, 3249, 3343, 3414, 3590, 3676, 3847, 4113, 4597, 4692]
  Representatives: [3847]

Cluster 41:
  Size: 15 variants
  Picked: 1 representatives
  All members: [70, 83, 495, 632, 918, 1256, 2234, 2702, 3048, 3994, 4124, 4391, 4514, 4585, 4700]
  Representatives: [3048]

Cluster 42:
  Size: 7 variants
  Picked: 1 representatives
  All members: [257, 1086, 1421, 1554, 1635, 3523, 4574]
  Representatives: [4574]

Cluster 43:
  Size: 12 variants
  Picked: 1 representatives
  All members: [586, 826, 1159, 1294, 1461, 1474, 1498, 4012, 4174, 4374, 4435, 4681]
  Representatives: [1498]

Cluster 44:
  Size: 7 variants
  Picked: 1 representatives
  All members: [97, 668, 1587, 1723, 1976, 2841, 3714]
  Representatives: [1723]

Cluster 45:
  Size: 19 variants
  Picked: 1 representatives
  All members: [100, 525, 1009, 1500, 1813, 2085, 2229, 2744, 2909, 2932, 3137, 3386, 3525, 3821, 3845, 4108, 4120, 4411, 4721]
  Representatives: [4120]
================================================================================

Selected 46 variants

================================================================================
Completed: 2026-03-23 14:31:21
================================================================================
